{"total": {"lines":{"total":1059,"covered":615,"skipped":0,"pct":58.07},"statements":{"total":1059,"covered":615,"skipped":0,"pct":58.07},"functions":{"total":12,"covered":10,"skipped":0,"pct":83.33},"branches":{"total":140,"covered":126,"skipped":0,"pct":90}}
,"/Users/any/Github/EMB/js_npm/rest/scs/src/app.js": {"lines":{"total":425,"covered":125,"skipped":0,"pct":29.41},"functions":{"total":0,"covered":0,"skipped":0,"pct":100},"statements":{"total":425,"covered":125,"skipped":0,"pct":29.41},"branches":{"total":12,"covered":12,"skipped":0,"pct":100}}
,"/Users/any/Github/EMB/js_npm/rest/scs/src/serverWithCov.js": {"lines":{"total":15,"covered":15,"skipped":0,"pct":100},"functions":{"total":0,"covered":0,"skipped":0,"pct":100},"statements":{"total":15,"covered":15,"skipped":0,"pct":100},"branches":{"total":5,"covered":4,"skipped":0,"pct":80}}
,"/Users/any/Github/EMB/js_npm/rest/scs/src/imp/Calc.js": {"lines":{"total":49,"covered":19,"skipped":0,"pct":38.78},"functions":{"total":1,"covered":0,"skipped":0,"pct":0},"statements":{"total":49,"covered":19,"skipped":0,"pct":38.78},"branches":{"total":1,"covered":1,"skipped":0,"pct":100}}
,"/Users/any/Github/EMB/js_npm/rest/scs/src/imp/Cookie.js": {"lines":{"total":38,"covered":35,"skipped":0,"pct":92.11},"functions":{"total":1,"covered":1,"skipped":0,"pct":100},"statements":{"total":38,"covered":35,"skipped":0,"pct":92.11},"branches":{"total":9,"covered":7,"skipped":0,"pct":77.78}}
,"/Users/any/Github/EMB/js_npm/rest/scs/src/imp/Costfuns.js": {"lines":{"total":65,"covered":65,"skipped":0,"pct":100},"functions":{"total":1,"covered":1,"skipped":0,"pct":100},"statements":{"total":65,"covered":65,"skipped":0,"pct":100},"branches":{"total":12,"covered":12,"skipped":0,"pct":100}}
,"/Users/any/Github/EMB/js_npm/rest/scs/src/imp/DateParse.js": {"lines":{"total":71,"covered":71,"skipped":0,"pct":100},"functions":{"total":1,"covered":1,"skipped":0,"pct":100},"statements":{"total":71,"covered":71,"skipped":0,"pct":100},"branches":{"total":21,"covered":21,"skipped":0,"pct":100}}
,"/Users/any/Github/EMB/js_npm/rest/scs/src/imp/FileSuffix.js": {"lines":{"total":63,"covered":31,"skipped":0,"pct":49.21},"functions":{"total":1,"covered":1,"skipped":0,"pct":100},"statements":{"total":63,"covered":31,"skipped":0,"pct":49.21},"branches":{"total":3,"covered":2,"skipped":0,"pct":66.67}}
,"/Users/any/Github/EMB/js_npm/rest/scs/src/imp/NotyPevar.js": {"lines":{"total":41,"covered":39,"skipped":0,"pct":95.12},"functions":{"total":1,"covered":1,"skipped":0,"pct":100},"statements":{"total":41,"covered":39,"skipped":0,"pct":95.12},"branches":{"total":6,"covered":5,"skipped":0,"pct":83.33}}
,"/Users/any/Github/EMB/js_npm/rest/scs/src/imp/Ordered4.js": {"lines":{"total":30,"covered":27,"skipped":0,"pct":90},"functions":{"total":1,"covered":1,"skipped":0,"pct":100},"statements":{"total":30,"covered":27,"skipped":0,"pct":90},"branches":{"total":16,"covered":10,"skipped":0,"pct":62.5}}
,"/Users/any/Github/EMB/js_npm/rest/scs/src/imp/Pat.js": {"lines":{"total":102,"covered":75,"skipped":0,"pct":73.53},"functions":{"total":2,"covered":2,"skipped":0,"pct":100},"statements":{"total":102,"covered":75,"skipped":0,"pct":73.53},"branches":{"total":14,"covered":11,"skipped":0,"pct":78.57}}
,"/Users/any/Github/EMB/js_npm/rest/scs/src/imp/Regex.js": {"lines":{"total":65,"covered":18,"skipped":0,"pct":27.69},"functions":{"total":1,"covered":0,"skipped":0,"pct":0},"statements":{"total":65,"covered":18,"skipped":0,"pct":27.69},"branches":{"total":1,"covered":1,"skipped":0,"pct":100}}
,"/Users/any/Github/EMB/js_npm/rest/scs/src/imp/Text2txt.js": {"lines":{"total":44,"covered":44,"skipped":0,"pct":100},"functions":{"total":1,"covered":1,"skipped":0,"pct":100},"statements":{"total":44,"covered":44,"skipped":0,"pct":100},"branches":{"total":15,"covered":15,"skipped":0,"pct":100}}
,"/Users/any/Github/EMB/js_npm/rest/scs/src/imp/Title.js": {"lines":{"total":51,"covered":51,"skipped":0,"pct":100},"functions":{"total":1,"covered":1,"skipped":0,"pct":100},"statements":{"total":51,"covered":51,"skipped":0,"pct":100},"branches":{"total":25,"covered":25,"skipped":0,"pct":100}}
}
