{"D:\\anyworkspace\\js-exp\\result-exp\\n-js-bb-tb-evomaster-nscs-sut-R30\\ncs-js\\src\\app.js": {"path":"D:\\anyworkspace\\js-exp\\result-exp\\n-js-bb-tb-evomaster-nscs-sut-R30\\ncs-js\\src\\app.js","all":false,"statementMap":{"0":{"start":{"line":1,"column":0},"end":{"line":1,"column":39}},"1":{"start":{"line":2,"column":0},"end":{"line":2,"column":41}},"2":{"start":{"line":3,"column":0},"end":{"line":3,"column":41}},"3":{"start":{"line":4,"column":0},"end":{"line":4,"column":39}},"4":{"start":{"line":5,"column":0},"end":{"line":5,"column":47}},"5":{"start":{"line":6,"column":0},"end":{"line":6,"column":59}},"6":{"start":{"line":7,"column":0},"end":{"line":7,"column":0}},"7":{"start":{"line":8,"column":0},"end":{"line":8,"column":42}},"8":{"start":{"line":9,"column":0},"end":{"line":9,"column":35}},"9":{"start":{"line":10,"column":0},"end":{"line":10,"column":22}},"10":{"start":{"line":11,"column":0},"end":{"line":11,"column":27}},"11":{"start":{"line":12,"column":0},"end":{"line":12,"column":0}},"12":{"start":{"line":13,"column":0},"end":{"line":13,"column":0}},"13":{"start":{"line":14,"column":0},"end":{"line":14,"column":49}},"14":{"start":{"line":15,"column":0},"end":{"line":15,"column":0}},"15":{"start":{"line":16,"column":0},"end":{"line":16,"column":37}},"16":{"start":{"line":17,"column":0},"end":{"line":17,"column":37}},"17":{"start":{"line":18,"column":0},"end":{"line":18,"column":37}},"18":{"start":{"line":19,"column":0},"end":{"line":19,"column":0}},"19":{"start":{"line":20,"column":0},"end":{"line":20,"column":49}},"20":{"start":{"line":21,"column":0},"end":{"line":21,"column":0}},"21":{"start":{"line":22,"column":0},"end":{"line":22,"column":18}},"22":{"start":{"line":23,"column":0},"end":{"line":23,"column":3}},"23":{"start":{"line":24,"column":0},"end":{"line":24,"column":0}},"24":{"start":{"line":25,"column":0},"end":{"line":25,"column":0}},"25":{"start":{"line":26,"column":0},"end":{"line":26,"column":43}},"26":{"start":{"line":27,"column":0},"end":{"line":27,"column":0}},"27":{"start":{"line":28,"column":0},"end":{"line":28,"column":37}},"28":{"start":{"line":29,"column":0},"end":{"line":29,"column":37}},"29":{"start":{"line":30,"column":0},"end":{"line":30,"column":0}},"30":{"start":{"line":31,"column":0},"end":{"line":31,"column":28}},"31":{"start":{"line":32,"column":0},"end":{"line":32,"column":24}},"32":{"start":{"line":33,"column":0},"end":{"line":33,"column":19}},"33":{"start":{"line":34,"column":0},"end":{"line":34,"column":15}},"34":{"start":{"line":35,"column":0},"end":{"line":35,"column":5}},"35":{"start":{"line":36,"column":0},"end":{"line":36,"column":0}},"36":{"start":{"line":37,"column":0},"end":{"line":37,"column":46}},"37":{"start":{"line":38,"column":0},"end":{"line":38,"column":0}},"38":{"start":{"line":39,"column":0},"end":{"line":39,"column":18}},"39":{"start":{"line":40,"column":0},"end":{"line":40,"column":3}},"40":{"start":{"line":41,"column":0},"end":{"line":41,"column":0}},"41":{"start":{"line":42,"column":0},"end":{"line":42,"column":44}},"42":{"start":{"line":43,"column":0},"end":{"line":43,"column":0}},"43":{"start":{"line":44,"column":0},"end":{"line":44,"column":37}},"44":{"start":{"line":45,"column":0},"end":{"line":45,"column":37}},"45":{"start":{"line":46,"column":0},"end":{"line":46,"column":0}},"46":{"start":{"line":47,"column":0},"end":{"line":47,"column":9}},"47":{"start":{"line":48,"column":0},"end":{"line":48,"column":51}},"48":{"start":{"line":49,"column":0},"end":{"line":49,"column":22}},"49":{"start":{"line":50,"column":0},"end":{"line":50,"column":17}},"50":{"start":{"line":51,"column":0},"end":{"line":51,"column":24}},"51":{"start":{"line":52,"column":0},"end":{"line":52,"column":19}},"52":{"start":{"line":53,"column":0},"end":{"line":53,"column":5}},"53":{"start":{"line":54,"column":0},"end":{"line":54,"column":3}},"54":{"start":{"line":55,"column":0},"end":{"line":55,"column":0}},"55":{"start":{"line":56,"column":0},"end":{"line":56,"column":47}},"56":{"start":{"line":57,"column":0},"end":{"line":57,"column":0}},"57":{"start":{"line":58,"column":0},"end":{"line":58,"column":37}},"58":{"start":{"line":59,"column":0},"end":{"line":59,"column":37}},"59":{"start":{"line":60,"column":0},"end":{"line":60,"column":37}},"60":{"start":{"line":61,"column":0},"end":{"line":61,"column":0}},"61":{"start":{"line":62,"column":0},"end":{"line":62,"column":31}},"62":{"start":{"line":63,"column":0},"end":{"line":63,"column":24}},"63":{"start":{"line":64,"column":0},"end":{"line":64,"column":19}},"64":{"start":{"line":65,"column":0},"end":{"line":65,"column":15}},"65":{"start":{"line":66,"column":0},"end":{"line":66,"column":5}},"66":{"start":{"line":67,"column":0},"end":{"line":67,"column":0}},"67":{"start":{"line":68,"column":0},"end":{"line":68,"column":9}},"68":{"start":{"line":69,"column":0},"end":{"line":69,"column":54}},"69":{"start":{"line":70,"column":0},"end":{"line":70,"column":22}},"70":{"start":{"line":71,"column":0},"end":{"line":71,"column":17}},"71":{"start":{"line":72,"column":0},"end":{"line":72,"column":24}},"72":{"start":{"line":73,"column":0},"end":{"line":73,"column":19}},"73":{"start":{"line":74,"column":0},"end":{"line":74,"column":5}},"74":{"start":{"line":75,"column":0},"end":{"line":75,"column":3}},"75":{"start":{"line":76,"column":0},"end":{"line":76,"column":0}},"76":{"start":{"line":77,"column":0},"end":{"line":77,"column":43}},"77":{"start":{"line":78,"column":0},"end":{"line":78,"column":0}},"78":{"start":{"line":79,"column":0},"end":{"line":79,"column":37}},"79":{"start":{"line":80,"column":0},"end":{"line":80,"column":37}},"80":{"start":{"line":81,"column":0},"end":{"line":81,"column":0}},"81":{"start":{"line":82,"column":0},"end":{"line":82,"column":9}},"82":{"start":{"line":83,"column":0},"end":{"line":83,"column":50}},"83":{"start":{"line":84,"column":0},"end":{"line":84,"column":22}},"84":{"start":{"line":85,"column":0},"end":{"line":85,"column":17}},"85":{"start":{"line":86,"column":0},"end":{"line":86,"column":24}},"86":{"start":{"line":87,"column":0},"end":{"line":87,"column":19}},"87":{"start":{"line":88,"column":0},"end":{"line":88,"column":5}},"88":{"start":{"line":89,"column":0},"end":{"line":89,"column":3}},"89":{"start":{"line":90,"column":0},"end":{"line":90,"column":0}},"90":{"start":{"line":91,"column":0},"end":{"line":91,"column":47}},"91":{"start":{"line":92,"column":0},"end":{"line":92,"column":0}},"92":{"start":{"line":93,"column":0},"end":{"line":93,"column":37}},"93":{"start":{"line":94,"column":0},"end":{"line":94,"column":37}},"94":{"start":{"line":95,"column":0},"end":{"line":95,"column":0}},"95":{"start":{"line":96,"column":0},"end":{"line":96,"column":21}},"96":{"start":{"line":97,"column":0},"end":{"line":97,"column":53}},"97":{"start":{"line":98,"column":0},"end":{"line":98,"column":24}},"98":{"start":{"line":99,"column":0},"end":{"line":99,"column":19}},"99":{"start":{"line":100,"column":0},"end":{"line":100,"column":15}},"100":{"start":{"line":101,"column":0},"end":{"line":101,"column":5}},"101":{"start":{"line":102,"column":0},"end":{"line":102,"column":0}},"102":{"start":{"line":103,"column":0},"end":{"line":103,"column":47}},"103":{"start":{"line":104,"column":0},"end":{"line":104,"column":0}},"104":{"start":{"line":105,"column":0},"end":{"line":105,"column":18}},"105":{"start":{"line":106,"column":0},"end":{"line":106,"column":3}},"106":{"start":{"line":107,"column":0},"end":{"line":107,"column":0}},"107":{"start":{"line":108,"column":0},"end":{"line":108,"column":0}},"108":{"start":{"line":109,"column":0},"end":{"line":109,"column":40}},"109":{"start":{"line":110,"column":0},"end":{"line":110,"column":0}},"110":{"start":{"line":111,"column":0},"end":{"line":111,"column":21}},"111":{"start":{"line":112,"column":0},"end":{"line":112,"column":25}},"112":{"start":{"line":113,"column":0},"end":{"line":113,"column":17}},"113":{"start":{"line":114,"column":0},"end":{"line":114,"column":92}},"114":{"start":{"line":115,"column":0},"end":{"line":115,"column":29}},"115":{"start":{"line":116,"column":0},"end":{"line":116,"column":57}},"116":{"start":{"line":117,"column":0},"end":{"line":117,"column":10}},"117":{"start":{"line":118,"column":0},"end":{"line":118,"column":33}},"118":{"start":{"line":119,"column":0},"end":{"line":119,"column":24}},"119":{"start":{"line":120,"column":0},"end":{"line":120,"column":66}},"120":{"start":{"line":121,"column":0},"end":{"line":121,"column":18}},"121":{"start":{"line":122,"column":0},"end":{"line":122,"column":35}},"122":{"start":{"line":123,"column":0},"end":{"line":123,"column":24}},"123":{"start":{"line":124,"column":0},"end":{"line":124,"column":41}},"124":{"start":{"line":125,"column":0},"end":{"line":125,"column":39}},"125":{"start":{"line":126,"column":0},"end":{"line":126,"column":51}},"126":{"start":{"line":127,"column":0},"end":{"line":127,"column":53}},"127":{"start":{"line":128,"column":0},"end":{"line":128,"column":36}},"128":{"start":{"line":129,"column":0},"end":{"line":129,"column":36}},"129":{"start":{"line":130,"column":0},"end":{"line":130,"column":37}},"130":{"start":{"line":131,"column":0},"end":{"line":131,"column":43}},"131":{"start":{"line":132,"column":0},"end":{"line":132,"column":41}},"132":{"start":{"line":133,"column":0},"end":{"line":133,"column":42}},"133":{"start":{"line":134,"column":0},"end":{"line":134,"column":41}},"134":{"start":{"line":135,"column":0},"end":{"line":135,"column":24}},"135":{"start":{"line":136,"column":0},"end":{"line":136,"column":36}},"136":{"start":{"line":137,"column":0},"end":{"line":137,"column":37}},"137":{"start":{"line":138,"column":0},"end":{"line":138,"column":43}},"138":{"start":{"line":139,"column":0},"end":{"line":139,"column":41}},"139":{"start":{"line":140,"column":0},"end":{"line":140,"column":41}},"140":{"start":{"line":141,"column":0},"end":{"line":141,"column":42}},"141":{"start":{"line":142,"column":0},"end":{"line":142,"column":23}},"142":{"start":{"line":143,"column":0},"end":{"line":143,"column":34}},"143":{"start":{"line":144,"column":0},"end":{"line":144,"column":32}},"144":{"start":{"line":145,"column":0},"end":{"line":145,"column":48}},"145":{"start":{"line":146,"column":0},"end":{"line":146,"column":89}},"146":{"start":{"line":147,"column":0},"end":{"line":147,"column":26}},"147":{"start":{"line":148,"column":0},"end":{"line":148,"column":63}},"148":{"start":{"line":149,"column":0},"end":{"line":149,"column":60}},"149":{"start":{"line":150,"column":0},"end":{"line":150,"column":59}},"150":{"start":{"line":151,"column":0},"end":{"line":151,"column":22}},"151":{"start":{"line":152,"column":0},"end":{"line":152,"column":39}},"152":{"start":{"line":153,"column":0},"end":{"line":153,"column":17}},"153":{"start":{"line":154,"column":0},"end":{"line":154,"column":14}},"154":{"start":{"line":155,"column":0},"end":{"line":155,"column":36}},"155":{"start":{"line":156,"column":0},"end":{"line":156,"column":24}},"156":{"start":{"line":157,"column":0},"end":{"line":157,"column":41}},"157":{"start":{"line":158,"column":0},"end":{"line":158,"column":40}},"158":{"start":{"line":159,"column":0},"end":{"line":159,"column":52}},"159":{"start":{"line":160,"column":0},"end":{"line":160,"column":53}},"160":{"start":{"line":161,"column":0},"end":{"line":161,"column":36}},"161":{"start":{"line":162,"column":0},"end":{"line":162,"column":36}},"162":{"start":{"line":163,"column":0},"end":{"line":163,"column":37}},"163":{"start":{"line":164,"column":0},"end":{"line":164,"column":43}},"164":{"start":{"line":165,"column":0},"end":{"line":165,"column":41}},"165":{"start":{"line":166,"column":0},"end":{"line":166,"column":42}},"166":{"start":{"line":167,"column":0},"end":{"line":167,"column":41}},"167":{"start":{"line":168,"column":0},"end":{"line":168,"column":24}},"168":{"start":{"line":169,"column":0},"end":{"line":169,"column":36}},"169":{"start":{"line":170,"column":0},"end":{"line":170,"column":37}},"170":{"start":{"line":171,"column":0},"end":{"line":171,"column":43}},"171":{"start":{"line":172,"column":0},"end":{"line":172,"column":41}},"172":{"start":{"line":173,"column":0},"end":{"line":173,"column":41}},"173":{"start":{"line":174,"column":0},"end":{"line":174,"column":42}},"174":{"start":{"line":175,"column":0},"end":{"line":175,"column":23}},"175":{"start":{"line":176,"column":0},"end":{"line":176,"column":34}},"176":{"start":{"line":177,"column":0},"end":{"line":177,"column":32}},"177":{"start":{"line":178,"column":0},"end":{"line":178,"column":48}},"178":{"start":{"line":179,"column":0},"end":{"line":179,"column":89}},"179":{"start":{"line":180,"column":0},"end":{"line":180,"column":26}},"180":{"start":{"line":181,"column":0},"end":{"line":181,"column":63}},"181":{"start":{"line":182,"column":0},"end":{"line":182,"column":60}},"182":{"start":{"line":183,"column":0},"end":{"line":183,"column":59}},"183":{"start":{"line":184,"column":0},"end":{"line":184,"column":22}},"184":{"start":{"line":185,"column":0},"end":{"line":185,"column":39}},"185":{"start":{"line":186,"column":0},"end":{"line":186,"column":17}},"186":{"start":{"line":187,"column":0},"end":{"line":187,"column":14}},"187":{"start":{"line":188,"column":0},"end":{"line":188,"column":40}},"188":{"start":{"line":189,"column":0},"end":{"line":189,"column":24}},"189":{"start":{"line":190,"column":0},"end":{"line":190,"column":41}},"190":{"start":{"line":191,"column":0},"end":{"line":191,"column":40}},"191":{"start":{"line":192,"column":0},"end":{"line":192,"column":52}},"192":{"start":{"line":193,"column":0},"end":{"line":193,"column":53}},"193":{"start":{"line":194,"column":0},"end":{"line":194,"column":36}},"194":{"start":{"line":195,"column":0},"end":{"line":195,"column":36}},"195":{"start":{"line":196,"column":0},"end":{"line":196,"column":37}},"196":{"start":{"line":197,"column":0},"end":{"line":197,"column":43}},"197":{"start":{"line":198,"column":0},"end":{"line":198,"column":41}},"198":{"start":{"line":199,"column":0},"end":{"line":199,"column":42}},"199":{"start":{"line":200,"column":0},"end":{"line":200,"column":41}},"200":{"start":{"line":201,"column":0},"end":{"line":201,"column":24}},"201":{"start":{"line":202,"column":0},"end":{"line":202,"column":36}},"202":{"start":{"line":203,"column":0},"end":{"line":203,"column":37}},"203":{"start":{"line":204,"column":0},"end":{"line":204,"column":43}},"204":{"start":{"line":205,"column":0},"end":{"line":205,"column":41}},"205":{"start":{"line":206,"column":0},"end":{"line":206,"column":42}},"206":{"start":{"line":207,"column":0},"end":{"line":207,"column":41}},"207":{"start":{"line":208,"column":0},"end":{"line":208,"column":24}},"208":{"start":{"line":209,"column":0},"end":{"line":209,"column":36}},"209":{"start":{"line":210,"column":0},"end":{"line":210,"column":37}},"210":{"start":{"line":211,"column":0},"end":{"line":211,"column":43}},"211":{"start":{"line":212,"column":0},"end":{"line":212,"column":41}},"212":{"start":{"line":213,"column":0},"end":{"line":213,"column":41}},"213":{"start":{"line":214,"column":0},"end":{"line":214,"column":42}},"214":{"start":{"line":215,"column":0},"end":{"line":215,"column":23}},"215":{"start":{"line":216,"column":0},"end":{"line":216,"column":34}},"216":{"start":{"line":217,"column":0},"end":{"line":217,"column":32}},"217":{"start":{"line":218,"column":0},"end":{"line":218,"column":48}},"218":{"start":{"line":219,"column":0},"end":{"line":219,"column":89}},"219":{"start":{"line":220,"column":0},"end":{"line":220,"column":26}},"220":{"start":{"line":221,"column":0},"end":{"line":221,"column":63}},"221":{"start":{"line":222,"column":0},"end":{"line":222,"column":60}},"222":{"start":{"line":223,"column":0},"end":{"line":223,"column":59}},"223":{"start":{"line":224,"column":0},"end":{"line":224,"column":22}},"224":{"start":{"line":225,"column":0},"end":{"line":225,"column":39}},"225":{"start":{"line":226,"column":0},"end":{"line":226,"column":17}},"226":{"start":{"line":227,"column":0},"end":{"line":227,"column":14}},"227":{"start":{"line":228,"column":0},"end":{"line":228,"column":35}},"228":{"start":{"line":229,"column":0},"end":{"line":229,"column":24}},"229":{"start":{"line":230,"column":0},"end":{"line":230,"column":41}},"230":{"start":{"line":231,"column":0},"end":{"line":231,"column":39}},"231":{"start":{"line":232,"column":0},"end":{"line":232,"column":51}},"232":{"start":{"line":233,"column":0},"end":{"line":233,"column":53}},"233":{"start":{"line":234,"column":0},"end":{"line":234,"column":36}},"234":{"start":{"line":235,"column":0},"end":{"line":235,"column":36}},"235":{"start":{"line":236,"column":0},"end":{"line":236,"column":37}},"236":{"start":{"line":237,"column":0},"end":{"line":237,"column":43}},"237":{"start":{"line":238,"column":0},"end":{"line":238,"column":41}},"238":{"start":{"line":239,"column":0},"end":{"line":239,"column":41}},"239":{"start":{"line":240,"column":0},"end":{"line":240,"column":42}},"240":{"start":{"line":241,"column":0},"end":{"line":241,"column":24}},"241":{"start":{"line":242,"column":0},"end":{"line":242,"column":36}},"242":{"start":{"line":243,"column":0},"end":{"line":243,"column":37}},"243":{"start":{"line":244,"column":0},"end":{"line":244,"column":43}},"244":{"start":{"line":245,"column":0},"end":{"line":245,"column":41}},"245":{"start":{"line":246,"column":0},"end":{"line":246,"column":41}},"246":{"start":{"line":247,"column":0},"end":{"line":247,"column":42}},"247":{"start":{"line":248,"column":0},"end":{"line":248,"column":23}},"248":{"start":{"line":249,"column":0},"end":{"line":249,"column":34}},"249":{"start":{"line":250,"column":0},"end":{"line":250,"column":32}},"250":{"start":{"line":251,"column":0},"end":{"line":251,"column":48}},"251":{"start":{"line":252,"column":0},"end":{"line":252,"column":89}},"252":{"start":{"line":253,"column":0},"end":{"line":253,"column":26}},"253":{"start":{"line":254,"column":0},"end":{"line":254,"column":63}},"254":{"start":{"line":255,"column":0},"end":{"line":255,"column":60}},"255":{"start":{"line":256,"column":0},"end":{"line":256,"column":59}},"256":{"start":{"line":257,"column":0},"end":{"line":257,"column":22}},"257":{"start":{"line":258,"column":0},"end":{"line":258,"column":39}},"258":{"start":{"line":259,"column":0},"end":{"line":259,"column":17}},"259":{"start":{"line":260,"column":0},"end":{"line":260,"column":14}},"260":{"start":{"line":261,"column":0},"end":{"line":261,"column":39}},"261":{"start":{"line":262,"column":0},"end":{"line":262,"column":24}},"262":{"start":{"line":263,"column":0},"end":{"line":263,"column":41}},"263":{"start":{"line":264,"column":0},"end":{"line":264,"column":43}},"264":{"start":{"line":265,"column":0},"end":{"line":265,"column":55}},"265":{"start":{"line":266,"column":0},"end":{"line":266,"column":53}},"266":{"start":{"line":267,"column":0},"end":{"line":267,"column":36}},"267":{"start":{"line":268,"column":0},"end":{"line":268,"column":36}},"268":{"start":{"line":269,"column":0},"end":{"line":269,"column":37}},"269":{"start":{"line":270,"column":0},"end":{"line":270,"column":43}},"270":{"start":{"line":271,"column":0},"end":{"line":271,"column":41}},"271":{"start":{"line":272,"column":0},"end":{"line":272,"column":42}},"272":{"start":{"line":273,"column":0},"end":{"line":273,"column":41}},"273":{"start":{"line":274,"column":0},"end":{"line":274,"column":24}},"274":{"start":{"line":275,"column":0},"end":{"line":275,"column":36}},"275":{"start":{"line":276,"column":0},"end":{"line":276,"column":37}},"276":{"start":{"line":277,"column":0},"end":{"line":277,"column":43}},"277":{"start":{"line":278,"column":0},"end":{"line":278,"column":41}},"278":{"start":{"line":279,"column":0},"end":{"line":279,"column":42}},"279":{"start":{"line":280,"column":0},"end":{"line":280,"column":41}},"280":{"start":{"line":281,"column":0},"end":{"line":281,"column":23}},"281":{"start":{"line":282,"column":0},"end":{"line":282,"column":34}},"282":{"start":{"line":283,"column":0},"end":{"line":283,"column":32}},"283":{"start":{"line":284,"column":0},"end":{"line":284,"column":48}},"284":{"start":{"line":285,"column":0},"end":{"line":285,"column":89}},"285":{"start":{"line":286,"column":0},"end":{"line":286,"column":26}},"286":{"start":{"line":287,"column":0},"end":{"line":287,"column":63}},"287":{"start":{"line":288,"column":0},"end":{"line":288,"column":60}},"288":{"start":{"line":289,"column":0},"end":{"line":289,"column":59}},"289":{"start":{"line":290,"column":0},"end":{"line":290,"column":22}},"290":{"start":{"line":291,"column":0},"end":{"line":291,"column":39}},"291":{"start":{"line":292,"column":0},"end":{"line":292,"column":17}},"292":{"start":{"line":293,"column":0},"end":{"line":293,"column":14}},"293":{"start":{"line":294,"column":0},"end":{"line":294,"column":42}},"294":{"start":{"line":295,"column":0},"end":{"line":295,"column":24}},"295":{"start":{"line":296,"column":0},"end":{"line":296,"column":41}},"296":{"start":{"line":297,"column":0},"end":{"line":297,"column":82}},"297":{"start":{"line":298,"column":0},"end":{"line":298,"column":59}},"298":{"start":{"line":299,"column":0},"end":{"line":299,"column":53}},"299":{"start":{"line":300,"column":0},"end":{"line":300,"column":36}},"300":{"start":{"line":301,"column":0},"end":{"line":301,"column":36}},"301":{"start":{"line":302,"column":0},"end":{"line":302,"column":37}},"302":{"start":{"line":303,"column":0},"end":{"line":303,"column":52}},"303":{"start":{"line":304,"column":0},"end":{"line":304,"column":42}},"304":{"start":{"line":305,"column":0},"end":{"line":305,"column":42}},"305":{"start":{"line":306,"column":0},"end":{"line":306,"column":41}},"306":{"start":{"line":307,"column":0},"end":{"line":307,"column":24}},"307":{"start":{"line":308,"column":0},"end":{"line":308,"column":36}},"308":{"start":{"line":309,"column":0},"end":{"line":309,"column":37}},"309":{"start":{"line":310,"column":0},"end":{"line":310,"column":53}},"310":{"start":{"line":311,"column":0},"end":{"line":311,"column":42}},"311":{"start":{"line":312,"column":0},"end":{"line":312,"column":42}},"312":{"start":{"line":313,"column":0},"end":{"line":313,"column":41}},"313":{"start":{"line":314,"column":0},"end":{"line":314,"column":24}},"314":{"start":{"line":315,"column":0},"end":{"line":315,"column":36}},"315":{"start":{"line":316,"column":0},"end":{"line":316,"column":37}},"316":{"start":{"line":317,"column":0},"end":{"line":317,"column":52}},"317":{"start":{"line":318,"column":0},"end":{"line":318,"column":42}},"318":{"start":{"line":319,"column":0},"end":{"line":319,"column":42}},"319":{"start":{"line":320,"column":0},"end":{"line":320,"column":41}},"320":{"start":{"line":321,"column":0},"end":{"line":321,"column":23}},"321":{"start":{"line":322,"column":0},"end":{"line":322,"column":34}},"322":{"start":{"line":323,"column":0},"end":{"line":323,"column":32}},"323":{"start":{"line":324,"column":0},"end":{"line":324,"column":48}},"324":{"start":{"line":325,"column":0},"end":{"line":325,"column":89}},"325":{"start":{"line":326,"column":0},"end":{"line":326,"column":26}},"326":{"start":{"line":327,"column":0},"end":{"line":327,"column":63}},"327":{"start":{"line":328,"column":0},"end":{"line":328,"column":60}},"328":{"start":{"line":329,"column":0},"end":{"line":329,"column":59}},"329":{"start":{"line":330,"column":0},"end":{"line":330,"column":22}},"330":{"start":{"line":331,"column":0},"end":{"line":331,"column":39}},"331":{"start":{"line":332,"column":0},"end":{"line":332,"column":17}},"332":{"start":{"line":333,"column":0},"end":{"line":333,"column":13}},"333":{"start":{"line":334,"column":0},"end":{"line":334,"column":10}},"334":{"start":{"line":335,"column":0},"end":{"line":335,"column":24}},"335":{"start":{"line":336,"column":0},"end":{"line":336,"column":20}},"336":{"start":{"line":337,"column":0},"end":{"line":337,"column":33}},"337":{"start":{"line":338,"column":0},"end":{"line":338,"column":31}},"338":{"start":{"line":339,"column":0},"end":{"line":339,"column":77}},"339":{"start":{"line":340,"column":0},"end":{"line":340,"column":73}},"340":{"start":{"line":341,"column":0},"end":{"line":341,"column":18}},"341":{"start":{"line":342,"column":0},"end":{"line":342,"column":30}},"342":{"start":{"line":343,"column":0},"end":{"line":343,"column":13}},"343":{"start":{"line":344,"column":0},"end":{"line":344,"column":9}},"344":{"start":{"line":345,"column":0},"end":{"line":345,"column":6}},"345":{"start":{"line":346,"column":0},"end":{"line":346,"column":0}},"346":{"start":{"line":347,"column":0},"end":{"line":347,"column":20}},"347":{"start":{"line":348,"column":0},"end":{"line":348,"column":22}},"348":{"start":{"line":349,"column":0},"end":{"line":349,"column":3}},"349":{"start":{"line":350,"column":0},"end":{"line":350,"column":0}},"350":{"start":{"line":351,"column":0},"end":{"line":351,"column":0}},"351":{"start":{"line":352,"column":0},"end":{"line":352,"column":21}}},"s":{"0":1,"1":1,"2":1,"3":1,"4":1,"5":1,"6":1,"7":1,"8":1,"9":1,"10":1,"11":1,"12":1,"13":1,"14":110422,"15":110422,"16":110422,"17":110422,"18":110422,"19":110422,"20":110422,"21":110422,"22":1,"23":1,"24":1,"25":1,"26":111080,"27":111080,"28":111080,"29":111080,"30":111080,"31":100748,"32":100748,"33":100748,"34":100748,"35":10332,"36":10332,"37":10332,"38":10332,"39":1,"40":1,"41":1,"42":110798,"43":110798,"44":110798,"45":110798,"46":110798,"47":110798,"48":110798,"49":110798,"50":2952,"51":2952,"52":2952,"53":1,"54":1,"55":1,"56":111235,"57":111235,"58":111235,"59":111235,"60":111235,"61":111235,"62":5527,"63":5527,"64":5527,"65":5527,"66":105708,"67":105708,"68":105708,"69":105708,"70":111235,"71":5409,"72":5409,"73":5409,"74":1,"75":1,"76":1,"77":110664,"78":110664,"79":110664,"80":110664,"81":110664,"82":110664,"83":110664,"84":110664,"85":110535,"86":110535,"87":110535,"88":1,"89":1,"90":1,"91":111328,"92":111328,"93":111328,"94":111328,"95":111328,"96":111328,"97":10742,"98":10742,"99":10742,"100":10742,"101":100586,"102":100586,"103":100586,"104":100586,"105":1,"106":1,"107":1,"108":1,"109":1,"110":1,"111":1,"112":1,"113":1,"114":1,"115":1,"116":1,"117":1,"118":1,"119":1,"120":1,"121":1,"122":1,"123":1,"124":1,"125":1,"126":1,"127":1,"128":1,"129":1,"130":1,"131":1,"132":1,"133":1,"134":1,"135":1,"136":1,"137":1,"138":1,"139":1,"140":1,"141":1,"142":1,"143":1,"144":1,"145":1,"146":1,"147":1,"148":1,"149":1,"150":1,"151":1,"152":1,"153":1,"154":1,"155":1,"156":1,"157":1,"158":1,"159":1,"160":1,"161":1,"162":1,"163":1,"164":1,"165":1,"166":1,"167":1,"168":1,"169":1,"170":1,"171":1,"172":1,"173":1,"174":1,"175":1,"176":1,"177":1,"178":1,"179":1,"180":1,"181":1,"182":1,"183":1,"184":1,"185":1,"186":1,"187":1,"188":1,"189":1,"190":1,"191":1,"192":1,"193":1,"194":1,"195":1,"196":1,"197":1,"198":1,"199":1,"200":1,"201":1,"202":1,"203":1,"204":1,"205":1,"206":1,"207":1,"208":1,"209":1,"210":1,"211":1,"212":1,"213":1,"214":1,"215":1,"216":1,"217":1,"218":1,"219":1,"220":1,"221":1,"222":1,"223":1,"224":1,"225":1,"226":1,"227":1,"228":1,"229":1,"230":1,"231":1,"232":1,"233":1,"234":1,"235":1,"236":1,"237":1,"238":1,"239":1,"240":1,"241":1,"242":1,"243":1,"244":1,"245":1,"246":1,"247":1,"248":1,"249":1,"250":1,"251":1,"252":1,"253":1,"254":1,"255":1,"256":1,"257":1,"258":1,"259":1,"260":1,"261":1,"262":1,"263":1,"264":1,"265":1,"266":1,"267":1,"268":1,"269":1,"270":1,"271":1,"272":1,"273":1,"274":1,"275":1,"276":1,"277":1,"278":1,"279":1,"280":1,"281":1,"282":1,"283":1,"284":1,"285":1,"286":1,"287":1,"288":1,"289":1,"290":1,"291":1,"292":1,"293":1,"294":1,"295":1,"296":1,"297":1,"298":1,"299":1,"300":1,"301":1,"302":1,"303":1,"304":1,"305":1,"306":1,"307":1,"308":1,"309":1,"310":1,"311":1,"312":1,"313":1,"314":1,"315":1,"316":1,"317":1,"318":1,"319":1,"320":1,"321":1,"322":1,"323":1,"324":1,"325":1,"326":1,"327":1,"328":1,"329":1,"330":1,"331":1,"332":1,"333":1,"334":1,"335":1,"336":1,"337":1,"338":1,"339":1,"340":1,"341":1,"342":1,"343":1,"344":1,"345":1,"346":1,"347":1,"348":1,"349":1,"350":1,"351":1},"branchMap":{"0":{"type":"branch","line":1,"loc":{"start":{"line":1,"column":0},"end":{"line":352,"column":21}},"locations":[{"start":{"line":1,"column":0},"end":{"line":352,"column":21}}]},"1":{"type":"branch","line":14,"loc":{"start":{"line":14,"column":34},"end":{"line":23,"column":1}},"locations":[{"start":{"line":14,"column":34},"end":{"line":23,"column":1}}]},"2":{"type":"branch","line":26,"loc":{"start":{"line":26,"column":28},"end":{"line":40,"column":1}},"locations":[{"start":{"line":26,"column":28},"end":{"line":40,"column":1}}]},"3":{"type":"branch","line":31,"loc":{"start":{"line":31,"column":15},"end":{"line":31,"column":25}},"locations":[{"start":{"line":31,"column":15},"end":{"line":31,"column":25}}]},"4":{"type":"branch","line":31,"loc":{"start":{"line":31,"column":27},"end":{"line":35,"column":5}},"locations":[{"start":{"line":31,"column":27},"end":{"line":35,"column":5}}]},"5":{"type":"branch","line":36,"loc":{"start":{"line":36,"column":-2},"end":{"line":40,"column":0}},"locations":[{"start":{"line":36,"column":-2},"end":{"line":40,"column":0}}]},"6":{"type":"branch","line":42,"loc":{"start":{"line":42,"column":29},"end":{"line":54,"column":1}},"locations":[{"start":{"line":42,"column":29},"end":{"line":54,"column":1}}]},"7":{"type":"branch","line":50,"loc":{"start":{"line":50,"column":6},"end":{"line":53,"column":5}},"locations":[{"start":{"line":50,"column":6},"end":{"line":53,"column":5}}]},"8":{"type":"branch","line":56,"loc":{"start":{"line":56,"column":32},"end":{"line":75,"column":1}},"locations":[{"start":{"line":56,"column":32},"end":{"line":75,"column":1}}]},"9":{"type":"branch","line":62,"loc":{"start":{"line":62,"column":17},"end":{"line":62,"column":28}},"locations":[{"start":{"line":62,"column":17},"end":{"line":62,"column":28}}]},"10":{"type":"branch","line":62,"loc":{"start":{"line":62,"column":30},"end":{"line":66,"column":5}},"locations":[{"start":{"line":62,"column":30},"end":{"line":66,"column":5}}]},"11":{"type":"branch","line":67,"loc":{"start":{"line":67,"column":-2},"end":{"line":71,"column":6}},"locations":[{"start":{"line":67,"column":-2},"end":{"line":71,"column":6}}]},"12":{"type":"branch","line":71,"loc":{"start":{"line":71,"column":6},"end":{"line":74,"column":5}},"locations":[{"start":{"line":71,"column":6},"end":{"line":74,"column":5}}]},"13":{"type":"branch","line":77,"loc":{"start":{"line":77,"column":28},"end":{"line":89,"column":1}},"locations":[{"start":{"line":77,"column":28},"end":{"line":89,"column":1}}]},"14":{"type":"branch","line":85,"loc":{"start":{"line":85,"column":6},"end":{"line":88,"column":5}},"locations":[{"start":{"line":85,"column":6},"end":{"line":88,"column":5}}]},"15":{"type":"branch","line":91,"loc":{"start":{"line":91,"column":32},"end":{"line":106,"column":1}},"locations":[{"start":{"line":91,"column":32},"end":{"line":106,"column":1}}]},"16":{"type":"branch","line":97,"loc":{"start":{"line":97,"column":16},"end":{"line":97,"column":27}},"locations":[{"start":{"line":97,"column":16},"end":{"line":97,"column":27}}]},"17":{"type":"branch","line":97,"loc":{"start":{"line":97,"column":28},"end":{"line":97,"column":38}},"locations":[{"start":{"line":97,"column":28},"end":{"line":97,"column":38}}]},"18":{"type":"branch","line":97,"loc":{"start":{"line":97,"column":39},"end":{"line":97,"column":50}},"locations":[{"start":{"line":97,"column":39},"end":{"line":97,"column":50}}]},"19":{"type":"branch","line":97,"loc":{"start":{"line":97,"column":52},"end":{"line":101,"column":5}},"locations":[{"start":{"line":97,"column":52},"end":{"line":101,"column":5}}]},"20":{"type":"branch","line":102,"loc":{"start":{"line":102,"column":-2},"end":{"line":106,"column":0}},"locations":[{"start":{"line":102,"column":-2},"end":{"line":106,"column":0}}]},"21":{"type":"branch","line":109,"loc":{"start":{"line":109,"column":25},"end":{"line":349,"column":1}},"locations":[{"start":{"line":109,"column":25},"end":{"line":349,"column":1}}]}},"b":{"0":[1],"1":[110422],"2":[111080],"3":[108055],"4":[100748],"5":[10332],"6":[110798],"7":[2952],"8":[111235],"9":[108438],"10":[5527],"11":[105708],"12":[5409],"13":[110664],"14":[110535],"15":[111328],"16":[108597],"17":[105879],"18":[103262],"19":[10742],"20":[100586],"21":[1]},"fnMap":{},"f":{}}
,"D:\\anyworkspace\\js-exp\\result-exp\\n-js-bb-tb-evomaster-nscs-sut-R30\\ncs-js\\src\\serverWithCov.js": {"path":"D:\\anyworkspace\\js-exp\\result-exp\\n-js-bb-tb-evomaster-nscs-sut-R30\\ncs-js\\src\\serverWithCov.js","all":false,"statementMap":{"0":{"start":{"line":1,"column":0},"end":{"line":1,"column":30}},"1":{"start":{"line":2,"column":0},"end":{"line":2,"column":0}},"2":{"start":{"line":3,"column":0},"end":{"line":3,"column":38}},"3":{"start":{"line":4,"column":0},"end":{"line":4,"column":0}},"4":{"start":{"line":5,"column":0},"end":{"line":5,"column":39}},"5":{"start":{"line":6,"column":0},"end":{"line":6,"column":55}},"6":{"start":{"line":7,"column":0},"end":{"line":7,"column":3}},"7":{"start":{"line":8,"column":0},"end":{"line":8,"column":0}},"8":{"start":{"line":9,"column":0},"end":{"line":9,"column":0}},"9":{"start":{"line":10,"column":0},"end":{"line":10,"column":36}},"10":{"start":{"line":11,"column":0},"end":{"line":11,"column":24}},"11":{"start":{"line":12,"column":0},"end":{"line":12,"column":37}},"12":{"start":{"line":13,"column":0},"end":{"line":13,"column":24}},"13":{"start":{"line":14,"column":0},"end":{"line":14,"column":50}},"14":{"start":{"line":15,"column":0},"end":{"line":15,"column":24}},"15":{"start":{"line":16,"column":0},"end":{"line":16,"column":27}}},"s":{"0":1,"1":1,"2":1,"3":1,"4":1,"5":1,"6":1,"7":1,"8":1,"9":1,"10":1,"11":1,"12":1,"13":1,"14":1,"15":1},"branchMap":{"0":{"type":"branch","line":1,"loc":{"start":{"line":1,"column":0},"end":{"line":16,"column":27}},"locations":[{"start":{"line":1,"column":0},"end":{"line":16,"column":27}}]},"1":{"type":"branch","line":3,"loc":{"start":{"line":3,"column":30},"end":{"line":3,"column":37}},"locations":[{"start":{"line":3,"column":30},"end":{"line":3,"column":37}}]},"2":{"type":"branch","line":10,"loc":{"start":{"line":10,"column":26},"end":{"line":10,"column":30}},"locations":[{"start":{"line":10,"column":26},"end":{"line":10,"column":30}}]},"3":{"type":"branch","line":5,"loc":{"start":{"line":5,"column":32},"end":{"line":7,"column":1}},"locations":[{"start":{"line":5,"column":32},"end":{"line":7,"column":1}}]},"4":{"type":"branch","line":11,"loc":{"start":{"line":11,"column":11},"end":{"line":16,"column":8}},"locations":[{"start":{"line":11,"column":11},"end":{"line":16,"column":8}}]},"5":{"type":"branch","line":13,"loc":{"start":{"line":13,"column":17},"end":{"line":16,"column":5}},"locations":[{"start":{"line":13,"column":17},"end":{"line":16,"column":5}}]}},"b":{"0":[1],"1":[0],"2":[0],"3":[1],"4":[1],"5":[1]},"fnMap":{},"f":{}}
,"D:\\anyworkspace\\js-exp\\result-exp\\n-js-bb-tb-evomaster-nscs-sut-R30\\ncs-js\\src\\imp\\BessJ.js": {"path":"D:\\anyworkspace\\js-exp\\result-exp\\n-js-bb-tb-evomaster-nscs-sut-R30\\ncs-js\\src\\imp\\BessJ.js","all":false,"statementMap":{"0":{"start":{"line":1,"column":0},"end":{"line":1,"column":17}},"1":{"start":{"line":2,"column":0},"end":{"line":2,"column":21}},"2":{"start":{"line":3,"column":0},"end":{"line":3,"column":22}},"3":{"start":{"line":4,"column":0},"end":{"line":4,"column":0}},"4":{"start":{"line":5,"column":0},"end":{"line":5,"column":25}},"5":{"start":{"line":6,"column":0},"end":{"line":6,"column":19}},"6":{"start":{"line":7,"column":0},"end":{"line":7,"column":40}},"7":{"start":{"line":8,"column":0},"end":{"line":8,"column":0}},"8":{"start":{"line":9,"column":0},"end":{"line":9,"column":14}},"9":{"start":{"line":10,"column":0},"end":{"line":10,"column":56}},"10":{"start":{"line":11,"column":0},"end":{"line":11,"column":0}},"11":{"start":{"line":12,"column":0},"end":{"line":12,"column":21}},"12":{"start":{"line":13,"column":0},"end":{"line":13,"column":0}},"13":{"start":{"line":14,"column":0},"end":{"line":14,"column":19}},"14":{"start":{"line":15,"column":0},"end":{"line":15,"column":19}},"15":{"start":{"line":16,"column":0},"end":{"line":16,"column":22}},"16":{"start":{"line":17,"column":0},"end":{"line":17,"column":23}},"17":{"start":{"line":18,"column":0},"end":{"line":18,"column":25}},"18":{"start":{"line":19,"column":0},"end":{"line":19,"column":24}},"19":{"start":{"line":20,"column":0},"end":{"line":20,"column":0}},"20":{"start":{"line":21,"column":0},"end":{"line":21,"column":33}},"21":{"start":{"line":22,"column":0},"end":{"line":22,"column":37}},"22":{"start":{"line":23,"column":0},"end":{"line":23,"column":21}},"23":{"start":{"line":24,"column":0},"end":{"line":24,"column":21}},"24":{"start":{"line":25,"column":0},"end":{"line":25,"column":9}},"25":{"start":{"line":26,"column":0},"end":{"line":26,"column":0}},"26":{"start":{"line":27,"column":0},"end":{"line":27,"column":17}},"27":{"start":{"line":28,"column":0},"end":{"line":28,"column":12}},"28":{"start":{"line":29,"column":0},"end":{"line":29,"column":23}},"29":{"start":{"line":30,"column":0},"end":{"line":30,"column":60}},"30":{"start":{"line":31,"column":0},"end":{"line":31,"column":17}},"31":{"start":{"line":32,"column":0},"end":{"line":32,"column":30}},"32":{"start":{"line":33,"column":0},"end":{"line":33,"column":17}},"33":{"start":{"line":34,"column":0},"end":{"line":34,"column":0}},"34":{"start":{"line":35,"column":0},"end":{"line":35,"column":33}},"35":{"start":{"line":36,"column":0},"end":{"line":36,"column":37}},"36":{"start":{"line":37,"column":0},"end":{"line":37,"column":21}},"37":{"start":{"line":38,"column":0},"end":{"line":38,"column":21}},"38":{"start":{"line":39,"column":0},"end":{"line":39,"column":0}},"39":{"start":{"line":40,"column":0},"end":{"line":40,"column":39}},"40":{"start":{"line":41,"column":0},"end":{"line":41,"column":28}},"41":{"start":{"line":42,"column":0},"end":{"line":42,"column":29}},"42":{"start":{"line":43,"column":0},"end":{"line":43,"column":29}},"43":{"start":{"line":44,"column":0},"end":{"line":44,"column":29}},"44":{"start":{"line":45,"column":0},"end":{"line":45,"column":13}},"45":{"start":{"line":46,"column":0},"end":{"line":46,"column":0}},"46":{"start":{"line":47,"column":0},"end":{"line":47,"column":26}},"47":{"start":{"line":48,"column":0},"end":{"line":48,"column":26}},"48":{"start":{"line":49,"column":0},"end":{"line":49,"column":0}},"49":{"start":{"line":50,"column":0},"end":{"line":50,"column":39}},"50":{"start":{"line":51,"column":0},"end":{"line":51,"column":0}},"51":{"start":{"line":52,"column":0},"end":{"line":52,"column":23}},"52":{"start":{"line":53,"column":0},"end":{"line":53,"column":26}},"53":{"start":{"line":54,"column":0},"end":{"line":54,"column":9}},"54":{"start":{"line":55,"column":0},"end":{"line":55,"column":0}},"55":{"start":{"line":56,"column":0},"end":{"line":56,"column":29}},"56":{"start":{"line":57,"column":0},"end":{"line":57,"column":19}},"57":{"start":{"line":58,"column":0},"end":{"line":58,"column":5}},"58":{"start":{"line":59,"column":0},"end":{"line":59,"column":48}},"59":{"start":{"line":60,"column":0},"end":{"line":60,"column":2}},"60":{"start":{"line":61,"column":0},"end":{"line":61,"column":0}},"61":{"start":{"line":62,"column":0},"end":{"line":62,"column":0}},"62":{"start":{"line":63,"column":0},"end":{"line":63,"column":23}},"63":{"start":{"line":64,"column":0},"end":{"line":64,"column":14}},"64":{"start":{"line":65,"column":0},"end":{"line":65,"column":31}},"65":{"start":{"line":66,"column":0},"end":{"line":66,"column":0}},"66":{"start":{"line":67,"column":0},"end":{"line":67,"column":35}},"67":{"start":{"line":68,"column":0},"end":{"line":68,"column":18}},"68":{"start":{"line":69,"column":0},"end":{"line":69,"column":69}},"69":{"start":{"line":70,"column":0},"end":{"line":70,"column":76}},"70":{"start":{"line":71,"column":0},"end":{"line":71,"column":67}},"71":{"start":{"line":72,"column":0},"end":{"line":72,"column":64}},"72":{"start":{"line":73,"column":0},"end":{"line":73,"column":26}},"73":{"start":{"line":74,"column":0},"end":{"line":74,"column":12}},"74":{"start":{"line":75,"column":0},"end":{"line":75,"column":21}},"75":{"start":{"line":76,"column":0},"end":{"line":76,"column":18}},"76":{"start":{"line":77,"column":0},"end":{"line":77,"column":30}},"77":{"start":{"line":78,"column":0},"end":{"line":78,"column":65}},"78":{"start":{"line":79,"column":0},"end":{"line":79,"column":61}},"79":{"start":{"line":80,"column":0},"end":{"line":80,"column":54}},"80":{"start":{"line":81,"column":0},"end":{"line":81,"column":58}},"81":{"start":{"line":82,"column":0},"end":{"line":82,"column":40}},"82":{"start":{"line":83,"column":0},"end":{"line":83,"column":92}},"83":{"start":{"line":84,"column":0},"end":{"line":84,"column":5}},"84":{"start":{"line":85,"column":0},"end":{"line":85,"column":15}},"85":{"start":{"line":86,"column":0},"end":{"line":86,"column":2}},"86":{"start":{"line":87,"column":0},"end":{"line":87,"column":0}},"87":{"start":{"line":88,"column":0},"end":{"line":88,"column":0}},"88":{"start":{"line":89,"column":0},"end":{"line":89,"column":23}},"89":{"start":{"line":90,"column":0},"end":{"line":90,"column":14}},"90":{"start":{"line":91,"column":0},"end":{"line":91,"column":31}},"91":{"start":{"line":92,"column":0},"end":{"line":92,"column":0}},"92":{"start":{"line":93,"column":0},"end":{"line":93,"column":35}},"93":{"start":{"line":94,"column":0},"end":{"line":94,"column":18}},"94":{"start":{"line":95,"column":0},"end":{"line":95,"column":73}},"95":{"start":{"line":96,"column":0},"end":{"line":96,"column":77}},"96":{"start":{"line":97,"column":0},"end":{"line":97,"column":68}},"97":{"start":{"line":98,"column":0},"end":{"line":98,"column":64}},"98":{"start":{"line":99,"column":0},"end":{"line":99,"column":26}},"99":{"start":{"line":100,"column":0},"end":{"line":100,"column":12}},"100":{"start":{"line":101,"column":0},"end":{"line":101,"column":21}},"101":{"start":{"line":102,"column":0},"end":{"line":102,"column":18}},"102":{"start":{"line":103,"column":0},"end":{"line":103,"column":30}},"103":{"start":{"line":104,"column":0},"end":{"line":104,"column":61}},"104":{"start":{"line":105,"column":0},"end":{"line":105,"column":62}},"105":{"start":{"line":106,"column":0},"end":{"line":106,"column":52}},"106":{"start":{"line":107,"column":0},"end":{"line":107,"column":56}},"107":{"start":{"line":108,"column":0},"end":{"line":108,"column":40}},"108":{"start":{"line":109,"column":0},"end":{"line":109,"column":92}},"109":{"start":{"line":110,"column":0},"end":{"line":110,"column":32}},"110":{"start":{"line":111,"column":0},"end":{"line":111,"column":5}},"111":{"start":{"line":112,"column":0},"end":{"line":112,"column":0}},"112":{"start":{"line":113,"column":0},"end":{"line":113,"column":15}},"113":{"start":{"line":114,"column":0},"end":{"line":114,"column":2}},"114":{"start":{"line":115,"column":0},"end":{"line":115,"column":0}},"115":{"start":{"line":116,"column":0},"end":{"line":116,"column":0}},"116":{"start":{"line":117,"column":0},"end":{"line":117,"column":25}}},"s":{"0":1,"1":1,"2":1,"3":1,"4":1,"5":10332,"6":10332,"7":10332,"8":10332,"9":10332,"10":10332,"11":10332,"12":10332,"13":10332,"14":10332,"15":8,"16":0,"17":0,"18":0,"19":0,"20":0,"21":0,"22":0,"23":0,"24":0,"25":0,"26":0,"27":8,"28":8,"29":8,"30":8,"31":8,"32":8,"33":8,"34":8,"35":637,"36":637,"37":637,"38":637,"39":637,"40":76,"41":76,"42":76,"43":76,"44":76,"45":637,"46":637,"47":637,"48":637,"49":637,"50":637,"51":637,"52":637,"53":637,"54":8,"55":8,"56":8,"57":8,"58":10332,"59":1,"60":1,"61":1,"62":1,"63":0,"64":0,"65":0,"66":0,"67":0,"68":0,"69":0,"70":0,"71":0,"72":0,"73":0,"74":0,"75":0,"76":0,"77":0,"78":0,"79":0,"80":0,"81":0,"82":0,"83":0,"84":0,"85":1,"86":1,"87":1,"88":1,"89":0,"90":0,"91":0,"92":0,"93":0,"94":0,"95":0,"96":0,"97":0,"98":0,"99":0,"100":0,"101":0,"102":0,"103":0,"104":0,"105":0,"106":0,"107":0,"108":0,"109":0,"110":0,"111":0,"112":0,"113":1,"114":1,"115":1,"116":1},"branchMap":{"0":{"type":"branch","line":1,"loc":{"start":{"line":1,"column":0},"end":{"line":117,"column":25}},"locations":[{"start":{"line":1,"column":0},"end":{"line":117,"column":25}}]},"1":{"type":"branch","line":5,"loc":{"start":{"line":5,"column":14},"end":{"line":60,"column":1}},"locations":[{"start":{"line":5,"column":14},"end":{"line":60,"column":1}}]},"2":{"type":"branch","line":10,"loc":{"start":{"line":10,"column":8},"end":{"line":10,"column":56}},"locations":[{"start":{"line":10,"column":8},"end":{"line":10,"column":56}}]},"3":{"type":"branch","line":15,"loc":{"start":{"line":15,"column":8},"end":{"line":15,"column":19}},"locations":[{"start":{"line":15,"column":8},"end":{"line":15,"column":19}}]},"4":{"type":"branch","line":16,"loc":{"start":{"line":16,"column":-2},"end":{"line":59,"column":19}},"locations":[{"start":{"line":16,"column":-2},"end":{"line":59,"column":19}}]},"5":{"type":"branch","line":16,"loc":{"start":{"line":16,"column":21},"end":{"line":28,"column":5}},"locations":[{"start":{"line":16,"column":21},"end":{"line":28,"column":5}}]},"6":{"type":"branch","line":35,"loc":{"start":{"line":35,"column":32},"end":{"line":54,"column":9}},"locations":[{"start":{"line":35,"column":32},"end":{"line":54,"column":9}}]},"7":{"type":"branch","line":40,"loc":{"start":{"line":40,"column":38},"end":{"line":45,"column":13}},"locations":[{"start":{"line":40,"column":38},"end":{"line":45,"column":13}}]},"8":{"type":"branch","line":48,"loc":{"start":{"line":48,"column":16},"end":{"line":48,"column":26}},"locations":[{"start":{"line":48,"column":16},"end":{"line":48,"column":26}}]},"9":{"type":"branch","line":50,"loc":{"start":{"line":50,"column":31},"end":{"line":50,"column":34}},"locations":[{"start":{"line":50,"column":31},"end":{"line":50,"column":34}}]},"10":{"type":"branch","line":50,"loc":{"start":{"line":50,"column":35},"end":{"line":50,"column":38}},"locations":[{"start":{"line":50,"column":35},"end":{"line":50,"column":38}}]},"11":{"type":"branch","line":53,"loc":{"start":{"line":53,"column":16},"end":{"line":53,"column":26}},"locations":[{"start":{"line":53,"column":16},"end":{"line":53,"column":26}}]},"12":{"type":"branch","line":59,"loc":{"start":{"line":59,"column":19},"end":{"line":59,"column":34}},"locations":[{"start":{"line":59,"column":19},"end":{"line":59,"column":34}}]},"13":{"type":"branch","line":59,"loc":{"start":{"line":59,"column":35},"end":{"line":59,"column":41}},"locations":[{"start":{"line":59,"column":35},"end":{"line":59,"column":41}}]},"14":{"type":"branch","line":59,"loc":{"start":{"line":59,"column":42},"end":{"line":59,"column":47}},"locations":[{"start":{"line":59,"column":42},"end":{"line":59,"column":47}}]}},"b":{"0":[1],"1":[10332],"2":[0],"3":[10324],"4":[8],"5":[0],"6":[637],"7":[76],"8":[317],"9":[317],"10":[320],"11":[8],"12":[0],"13":[0],"14":[8]},"fnMap":{"0":{"name":"bessj","decl":{"start":{"line":5,"column":14},"end":{"line":60,"column":1}},"loc":{"start":{"line":5,"column":14},"end":{"line":60,"column":1}},"line":5},"1":{"name":"bessj0","decl":{"start":{"line":63,"column":15},"end":{"line":86,"column":1}},"loc":{"start":{"line":63,"column":15},"end":{"line":86,"column":1}},"line":63},"2":{"name":"bessj1","decl":{"start":{"line":89,"column":15},"end":{"line":114,"column":1}},"loc":{"start":{"line":89,"column":15},"end":{"line":114,"column":1}},"line":89}},"f":{"0":10332,"1":0,"2":0}}
,"D:\\anyworkspace\\js-exp\\result-exp\\n-js-bb-tb-evomaster-nscs-sut-R30\\ncs-js\\src\\imp\\Expint.js": {"path":"D:\\anyworkspace\\js-exp\\result-exp\\n-js-bb-tb-evomaster-nscs-sut-R30\\ncs-js\\src\\imp\\Expint.js","all":false,"statementMap":{"0":{"start":{"line":1,"column":0},"end":{"line":1,"column":18}},"1":{"start":{"line":2,"column":0},"end":{"line":2,"column":27}},"2":{"start":{"line":3,"column":0},"end":{"line":3,"column":22}},"3":{"start":{"line":4,"column":0},"end":{"line":4,"column":19}},"4":{"start":{"line":5,"column":0},"end":{"line":5,"column":0}},"5":{"start":{"line":6,"column":0},"end":{"line":6,"column":26}},"6":{"start":{"line":7,"column":0},"end":{"line":7,"column":19}},"7":{"start":{"line":8,"column":0},"end":{"line":8,"column":43}},"8":{"start":{"line":9,"column":0},"end":{"line":9,"column":0}},"9":{"start":{"line":10,"column":0},"end":{"line":10,"column":16}},"10":{"start":{"line":11,"column":0},"end":{"line":11,"column":0}},"11":{"start":{"line":12,"column":0},"end":{"line":12,"column":61}},"12":{"start":{"line":13,"column":0},"end":{"line":13,"column":49}},"13":{"start":{"line":14,"column":0},"end":{"line":14,"column":10}},"14":{"start":{"line":15,"column":0},"end":{"line":15,"column":19}},"15":{"start":{"line":16,"column":0},"end":{"line":16,"column":35}},"16":{"start":{"line":17,"column":0},"end":{"line":17,"column":14}},"17":{"start":{"line":18,"column":0},"end":{"line":18,"column":26}},"18":{"start":{"line":19,"column":0},"end":{"line":19,"column":32}},"19":{"start":{"line":20,"column":0},"end":{"line":20,"column":18}},"20":{"start":{"line":21,"column":0},"end":{"line":21,"column":30}},"21":{"start":{"line":22,"column":0},"end":{"line":22,"column":30}},"22":{"start":{"line":23,"column":0},"end":{"line":23,"column":36}},"23":{"start":{"line":24,"column":0},"end":{"line":24,"column":32}},"24":{"start":{"line":25,"column":0},"end":{"line":25,"column":26}},"25":{"start":{"line":26,"column":0},"end":{"line":26,"column":0}},"26":{"start":{"line":27,"column":0},"end":{"line":27,"column":50}},"27":{"start":{"line":28,"column":0},"end":{"line":28,"column":43}},"28":{"start":{"line":29,"column":0},"end":{"line":29,"column":33}},"29":{"start":{"line":30,"column":0},"end":{"line":30,"column":46}},"30":{"start":{"line":31,"column":0},"end":{"line":31,"column":38}},"31":{"start":{"line":32,"column":0},"end":{"line":32,"column":36}},"32":{"start":{"line":33,"column":0},"end":{"line":33,"column":33}},"33":{"start":{"line":34,"column":0},"end":{"line":34,"column":0}},"34":{"start":{"line":35,"column":0},"end":{"line":35,"column":56}},"35":{"start":{"line":36,"column":0},"end":{"line":36,"column":52}},"36":{"start":{"line":37,"column":0},"end":{"line":37,"column":25}},"37":{"start":{"line":38,"column":0},"end":{"line":38,"column":21}},"38":{"start":{"line":39,"column":0},"end":{"line":39,"column":0}},"39":{"start":{"line":40,"column":0},"end":{"line":40,"column":75}},"40":{"start":{"line":41,"column":0},"end":{"line":41,"column":24}},"41":{"start":{"line":42,"column":0},"end":{"line":42,"column":72}},"42":{"start":{"line":43,"column":0},"end":{"line":43,"column":31}},"43":{"start":{"line":44,"column":0},"end":{"line":44,"column":0}},"44":{"start":{"line":45,"column":0},"end":{"line":45,"column":50}},"45":{"start":{"line":46,"column":0},"end":{"line":46,"column":39}},"46":{"start":{"line":47,"column":0},"end":{"line":47,"column":0}},"47":{"start":{"line":48,"column":0},"end":{"line":48,"column":37}},"48":{"start":{"line":49,"column":0},"end":{"line":49,"column":52}},"49":{"start":{"line":50,"column":0},"end":{"line":50,"column":30}},"50":{"start":{"line":51,"column":0},"end":{"line":51,"column":41}},"51":{"start":{"line":52,"column":0},"end":{"line":52,"column":0}},"52":{"start":{"line":53,"column":0},"end":{"line":53,"column":57}},"53":{"start":{"line":54,"column":0},"end":{"line":54,"column":48}},"54":{"start":{"line":55,"column":0},"end":{"line":55,"column":0}},"55":{"start":{"line":56,"column":0},"end":{"line":56,"column":62}},"56":{"start":{"line":57,"column":0},"end":{"line":57,"column":25}},"57":{"start":{"line":58,"column":0},"end":{"line":58,"column":0}},"58":{"start":{"line":59,"column":0},"end":{"line":59,"column":35}},"59":{"start":{"line":60,"column":0},"end":{"line":60,"column":0}},"60":{"start":{"line":61,"column":0},"end":{"line":61,"column":66}},"61":{"start":{"line":62,"column":0},"end":{"line":62,"column":39}},"62":{"start":{"line":63,"column":0},"end":{"line":63,"column":25}},"63":{"start":{"line":64,"column":0},"end":{"line":64,"column":21}},"64":{"start":{"line":65,"column":0},"end":{"line":65,"column":63}},"65":{"start":{"line":66,"column":0},"end":{"line":66,"column":17}},"66":{"start":{"line":67,"column":0},"end":{"line":67,"column":13}},"67":{"start":{"line":68,"column":0},"end":{"line":68,"column":9}},"68":{"start":{"line":69,"column":0},"end":{"line":69,"column":5}},"69":{"start":{"line":70,"column":0},"end":{"line":70,"column":15}},"70":{"start":{"line":71,"column":0},"end":{"line":71,"column":2}},"71":{"start":{"line":72,"column":0},"end":{"line":72,"column":0}},"72":{"start":{"line":73,"column":0},"end":{"line":73,"column":26}}},"s":{"0":1,"1":1,"2":1,"3":1,"4":1,"5":1,"6":110798,"7":110798,"8":110798,"9":110798,"10":110798,"11":110798,"12":110798,"13":107846,"14":107846,"15":107846,"16":107846,"17":107846,"18":107846,"19":99,"20":99,"21":88,"22":88,"23":88,"24":88,"25":88,"26":88,"27":289,"28":289,"29":289,"30":289,"31":289,"32":289,"33":289,"34":289,"35":88,"36":88,"37":289,"38":0,"39":0,"40":99,"41":11,"42":11,"43":11,"44":11,"45":121,"46":121,"47":121,"48":121,"49":0,"50":0,"51":0,"52":0,"53":0,"54":0,"55":0,"56":0,"57":121,"58":121,"59":121,"60":121,"61":11,"62":11,"63":121,"64":0,"65":0,"66":99,"67":107846,"68":107846,"69":107747,"70":1,"71":1,"72":1},"branchMap":{"0":{"type":"branch","line":1,"loc":{"start":{"line":1,"column":0},"end":{"line":73,"column":26}},"locations":[{"start":{"line":1,"column":0},"end":{"line":73,"column":26}}]},"1":{"type":"branch","line":6,"loc":{"start":{"line":6,"column":15},"end":{"line":71,"column":1}},"locations":[{"start":{"line":6,"column":15},"end":{"line":71,"column":1}}]},"2":{"type":"branch","line":12,"loc":{"start":{"line":12,"column":14},"end":{"line":12,"column":24}},"locations":[{"start":{"line":12,"column":14},"end":{"line":12,"column":24}}]},"3":{"type":"branch","line":12,"loc":{"start":{"line":12,"column":25},"end":{"line":12,"column":60}},"locations":[{"start":{"line":12,"column":25},"end":{"line":12,"column":60}}]},"4":{"type":"branch","line":12,"loc":{"start":{"line":12,"column":38},"end":{"line":12,"column":59}},"locations":[{"start":{"line":12,"column":38},"end":{"line":12,"column":59}}]},"5":{"type":"branch","line":12,"loc":{"start":{"line":12,"column":49},"end":{"line":12,"column":58}},"locations":[{"start":{"line":12,"column":49},"end":{"line":12,"column":58}}]},"6":{"type":"branch","line":13,"loc":{"start":{"line":13,"column":8},"end":{"line":13,"column":49}},"locations":[{"start":{"line":13,"column":8},"end":{"line":13,"column":49}}]},"7":{"type":"branch","line":14,"loc":{"start":{"line":14,"column":-2},"end":{"line":69,"column":5}},"locations":[{"start":{"line":14,"column":-2},"end":{"line":69,"column":5}}]},"8":{"type":"branch","line":16,"loc":{"start":{"line":16,"column":12},"end":{"line":16,"column":35}},"locations":[{"start":{"line":16,"column":12},"end":{"line":16,"column":35}}]},"9":{"type":"branch","line":19,"loc":{"start":{"line":19,"column":16},"end":{"line":19,"column":32}},"locations":[{"start":{"line":19,"column":16},"end":{"line":19,"column":32}}]},"10":{"type":"branch","line":20,"loc":{"start":{"line":20,"column":-2},"end":{"line":67,"column":13}},"locations":[{"start":{"line":20,"column":-2},"end":{"line":67,"column":13}}]},"11":{"type":"branch","line":21,"loc":{"start":{"line":21,"column":29},"end":{"line":41,"column":17}},"locations":[{"start":{"line":21,"column":29},"end":{"line":41,"column":17}}]},"12":{"type":"branch","line":27,"loc":{"start":{"line":27,"column":49},"end":{"line":38,"column":21}},"locations":[{"start":{"line":27,"column":49},"end":{"line":38,"column":21}}]},"13":{"type":"branch","line":35,"loc":{"start":{"line":35,"column":55},"end":{"line":37,"column":25}},"locations":[{"start":{"line":35,"column":55},"end":{"line":37,"column":25}}]},"14":{"type":"branch","line":39,"loc":{"start":{"line":39,"column":-2},"end":{"line":41,"column":17}},"locations":[{"start":{"line":39,"column":-2},"end":{"line":41,"column":17}}]},"15":{"type":"branch","line":41,"loc":{"start":{"line":41,"column":17},"end":{"line":66,"column":17}},"locations":[{"start":{"line":41,"column":17},"end":{"line":66,"column":17}}]},"16":{"type":"branch","line":42,"loc":{"start":{"line":42,"column":48},"end":{"line":42,"column":70}},"locations":[{"start":{"line":42,"column":48},"end":{"line":42,"column":70}}]},"17":{"type":"branch","line":45,"loc":{"start":{"line":45,"column":49},"end":{"line":64,"column":21}},"locations":[{"start":{"line":45,"column":49},"end":{"line":64,"column":21}}]},"18":{"type":"branch","line":50,"loc":{"start":{"line":50,"column":-2},"end":{"line":57,"column":25}},"locations":[{"start":{"line":50,"column":-2},"end":{"line":57,"column":25}}]},"19":{"type":"branch","line":61,"loc":{"start":{"line":61,"column":65},"end":{"line":63,"column":25}},"locations":[{"start":{"line":61,"column":65},"end":{"line":63,"column":25}}]},"20":{"type":"branch","line":65,"loc":{"start":{"line":65,"column":-2},"end":{"line":66,"column":17}},"locations":[{"start":{"line":65,"column":-2},"end":{"line":66,"column":17}}]},"21":{"type":"branch","line":70,"loc":{"start":{"line":70,"column":-2},"end":{"line":71,"column":0}},"locations":[{"start":{"line":70,"column":-2},"end":{"line":71,"column":0}}]}},"b":{"0":[1],"1":[110798],"2":[108043],"3":[108043],"4":[107944],"5":[107846],"6":[2952],"7":[107846],"8":[0],"9":[107747],"10":[99],"11":[88],"12":[289],"13":[88],"14":[0],"15":[11],"16":[0],"17":[121],"18":[0],"19":[11],"20":[0],"21":[107747]},"fnMap":{"0":{"name":"expint","decl":{"start":{"line":6,"column":15},"end":{"line":71,"column":1}},"loc":{"start":{"line":6,"column":15},"end":{"line":71,"column":1}},"line":6}},"f":{"0":110798}}
,"D:\\anyworkspace\\js-exp\\result-exp\\n-js-bb-tb-evomaster-nscs-sut-R30\\ncs-js\\src\\imp\\Fisher.js": {"path":"D:\\anyworkspace\\js-exp\\result-exp\\n-js-bb-tb-evomaster-nscs-sut-R30\\ncs-js\\src\\imp\\Fisher.js","all":false,"statementMap":{"0":{"start":{"line":1,"column":0},"end":{"line":1,"column":18}},"1":{"start":{"line":2,"column":0},"end":{"line":2,"column":27}},"2":{"start":{"line":3,"column":0},"end":{"line":3,"column":22}},"3":{"start":{"line":4,"column":0},"end":{"line":4,"column":19}},"4":{"start":{"line":5,"column":0},"end":{"line":5,"column":0}},"5":{"start":{"line":6,"column":0},"end":{"line":6,"column":26}},"6":{"start":{"line":7,"column":0},"end":{"line":7,"column":19}},"7":{"start":{"line":8,"column":0},"end":{"line":8,"column":43}},"8":{"start":{"line":9,"column":0},"end":{"line":9,"column":0}},"9":{"start":{"line":10,"column":0},"end":{"line":10,"column":16}},"10":{"start":{"line":11,"column":0},"end":{"line":11,"column":0}},"11":{"start":{"line":12,"column":0},"end":{"line":12,"column":61}},"12":{"start":{"line":13,"column":0},"end":{"line":13,"column":49}},"13":{"start":{"line":14,"column":0},"end":{"line":14,"column":10}},"14":{"start":{"line":15,"column":0},"end":{"line":15,"column":19}},"15":{"start":{"line":16,"column":0},"end":{"line":16,"column":35}},"16":{"start":{"line":17,"column":0},"end":{"line":17,"column":14}},"17":{"start":{"line":18,"column":0},"end":{"line":18,"column":25}},"18":{"start":{"line":19,"column":0},"end":{"line":19,"column":32}},"19":{"start":{"line":20,"column":0},"end":{"line":20,"column":18}},"20":{"start":{"line":21,"column":0},"end":{"line":21,"column":30}},"21":{"start":{"line":22,"column":0},"end":{"line":22,"column":30}},"22":{"start":{"line":23,"column":0},"end":{"line":23,"column":36}},"23":{"start":{"line":24,"column":0},"end":{"line":24,"column":32}},"24":{"start":{"line":25,"column":0},"end":{"line":25,"column":26}},"25":{"start":{"line":26,"column":0},"end":{"line":26,"column":0}},"26":{"start":{"line":27,"column":0},"end":{"line":27,"column":50}},"27":{"start":{"line":28,"column":0},"end":{"line":28,"column":43}},"28":{"start":{"line":29,"column":0},"end":{"line":29,"column":33}},"29":{"start":{"line":30,"column":0},"end":{"line":30,"column":46}},"30":{"start":{"line":31,"column":0},"end":{"line":31,"column":38}},"31":{"start":{"line":32,"column":0},"end":{"line":32,"column":36}},"32":{"start":{"line":33,"column":0},"end":{"line":33,"column":33}},"33":{"start":{"line":34,"column":0},"end":{"line":34,"column":0}},"34":{"start":{"line":35,"column":0},"end":{"line":35,"column":56}},"35":{"start":{"line":36,"column":0},"end":{"line":36,"column":52}},"36":{"start":{"line":37,"column":0},"end":{"line":37,"column":25}},"37":{"start":{"line":38,"column":0},"end":{"line":38,"column":21}},"38":{"start":{"line":39,"column":0},"end":{"line":39,"column":0}},"39":{"start":{"line":40,"column":0},"end":{"line":40,"column":75}},"40":{"start":{"line":41,"column":0},"end":{"line":41,"column":24}},"41":{"start":{"line":42,"column":0},"end":{"line":42,"column":72}},"42":{"start":{"line":43,"column":0},"end":{"line":43,"column":31}},"43":{"start":{"line":44,"column":0},"end":{"line":44,"column":0}},"44":{"start":{"line":45,"column":0},"end":{"line":45,"column":50}},"45":{"start":{"line":46,"column":0},"end":{"line":46,"column":39}},"46":{"start":{"line":47,"column":0},"end":{"line":47,"column":0}},"47":{"start":{"line":48,"column":0},"end":{"line":48,"column":37}},"48":{"start":{"line":49,"column":0},"end":{"line":49,"column":52}},"49":{"start":{"line":50,"column":0},"end":{"line":50,"column":30}},"50":{"start":{"line":51,"column":0},"end":{"line":51,"column":41}},"51":{"start":{"line":52,"column":0},"end":{"line":52,"column":0}},"52":{"start":{"line":53,"column":0},"end":{"line":53,"column":57}},"53":{"start":{"line":54,"column":0},"end":{"line":54,"column":48}},"54":{"start":{"line":55,"column":0},"end":{"line":55,"column":0}},"55":{"start":{"line":56,"column":0},"end":{"line":56,"column":62}},"56":{"start":{"line":57,"column":0},"end":{"line":57,"column":25}},"57":{"start":{"line":58,"column":0},"end":{"line":58,"column":0}},"58":{"start":{"line":59,"column":0},"end":{"line":59,"column":35}},"59":{"start":{"line":60,"column":0},"end":{"line":60,"column":0}},"60":{"start":{"line":61,"column":0},"end":{"line":61,"column":66}},"61":{"start":{"line":62,"column":0},"end":{"line":62,"column":39}},"62":{"start":{"line":63,"column":0},"end":{"line":63,"column":25}},"63":{"start":{"line":64,"column":0},"end":{"line":64,"column":21}},"64":{"start":{"line":65,"column":0},"end":{"line":65,"column":63}},"65":{"start":{"line":66,"column":0},"end":{"line":66,"column":17}},"66":{"start":{"line":67,"column":0},"end":{"line":67,"column":13}},"67":{"start":{"line":68,"column":0},"end":{"line":68,"column":9}},"68":{"start":{"line":69,"column":0},"end":{"line":69,"column":5}},"69":{"start":{"line":70,"column":0},"end":{"line":70,"column":15}},"70":{"start":{"line":71,"column":0},"end":{"line":71,"column":2}},"71":{"start":{"line":72,"column":0},"end":{"line":72,"column":0}},"72":{"start":{"line":73,"column":0},"end":{"line":73,"column":26}}},"s":{"0":1,"1":1,"2":1,"3":1,"4":1,"5":1,"6":105708,"7":105708,"8":105708,"9":105708,"10":105708,"11":105708,"12":105708,"13":100299,"14":100299,"15":100299,"16":100199,"17":100199,"18":100199,"19":100095,"20":100095,"21":99994,"22":99994,"23":99994,"24":99994,"25":99994,"26":99994,"27":289999,"28":289999,"29":289999,"30":289999,"31":289999,"32":289999,"33":289999,"34":289999,"35":99994,"36":99994,"37":289999,"38":0,"39":0,"40":100095,"41":101,"42":101,"43":101,"44":101,"45":1114,"46":1114,"47":1114,"48":1114,"49":0,"50":0,"51":0,"52":0,"53":0,"54":0,"55":0,"56":0,"57":1114,"58":1114,"59":1114,"60":1114,"61":101,"62":101,"63":1114,"64":0,"65":0,"66":100095,"67":100199,"68":100299,"69":204,"70":1,"71":1,"72":1},"branchMap":{"0":{"type":"branch","line":1,"loc":{"start":{"line":1,"column":0},"end":{"line":73,"column":26}},"locations":[{"start":{"line":1,"column":0},"end":{"line":73,"column":26}}]},"1":{"type":"branch","line":6,"loc":{"start":{"line":6,"column":15},"end":{"line":71,"column":1}},"locations":[{"start":{"line":6,"column":15},"end":{"line":71,"column":1}}]},"2":{"type":"branch","line":12,"loc":{"start":{"line":12,"column":14},"end":{"line":12,"column":24}},"locations":[{"start":{"line":12,"column":14},"end":{"line":12,"column":24}}]},"3":{"type":"branch","line":12,"loc":{"start":{"line":12,"column":25},"end":{"line":12,"column":60}},"locations":[{"start":{"line":12,"column":25},"end":{"line":12,"column":60}}]},"4":{"type":"branch","line":12,"loc":{"start":{"line":12,"column":38},"end":{"line":12,"column":59}},"locations":[{"start":{"line":12,"column":38},"end":{"line":12,"column":59}}]},"5":{"type":"branch","line":13,"loc":{"start":{"line":13,"column":8},"end":{"line":13,"column":49}},"locations":[{"start":{"line":13,"column":8},"end":{"line":13,"column":49}}]},"6":{"type":"branch","line":14,"loc":{"start":{"line":14,"column":-2},"end":{"line":69,"column":5}},"locations":[{"start":{"line":14,"column":-2},"end":{"line":69,"column":5}}]},"7":{"type":"branch","line":16,"loc":{"start":{"line":16,"column":12},"end":{"line":16,"column":35}},"locations":[{"start":{"line":16,"column":12},"end":{"line":16,"column":35}}]},"8":{"type":"branch","line":17,"loc":{"start":{"line":17,"column":-2},"end":{"line":68,"column":9}},"locations":[{"start":{"line":17,"column":-2},"end":{"line":68,"column":9}}]},"9":{"type":"branch","line":19,"loc":{"start":{"line":19,"column":16},"end":{"line":19,"column":32}},"locations":[{"start":{"line":19,"column":16},"end":{"line":19,"column":32}}]},"10":{"type":"branch","line":20,"loc":{"start":{"line":20,"column":-2},"end":{"line":67,"column":13}},"locations":[{"start":{"line":20,"column":-2},"end":{"line":67,"column":13}}]},"11":{"type":"branch","line":21,"loc":{"start":{"line":21,"column":29},"end":{"line":41,"column":17}},"locations":[{"start":{"line":21,"column":29},"end":{"line":41,"column":17}}]},"12":{"type":"branch","line":27,"loc":{"start":{"line":27,"column":49},"end":{"line":38,"column":21}},"locations":[{"start":{"line":27,"column":49},"end":{"line":38,"column":21}}]},"13":{"type":"branch","line":35,"loc":{"start":{"line":35,"column":55},"end":{"line":37,"column":25}},"locations":[{"start":{"line":35,"column":55},"end":{"line":37,"column":25}}]},"14":{"type":"branch","line":39,"loc":{"start":{"line":39,"column":-2},"end":{"line":41,"column":17}},"locations":[{"start":{"line":39,"column":-2},"end":{"line":41,"column":17}}]},"15":{"type":"branch","line":41,"loc":{"start":{"line":41,"column":17},"end":{"line":66,"column":17}},"locations":[{"start":{"line":41,"column":17},"end":{"line":66,"column":17}}]},"16":{"type":"branch","line":42,"loc":{"start":{"line":42,"column":48},"end":{"line":42,"column":70}},"locations":[{"start":{"line":42,"column":48},"end":{"line":42,"column":70}}]},"17":{"type":"branch","line":45,"loc":{"start":{"line":45,"column":49},"end":{"line":64,"column":21}},"locations":[{"start":{"line":45,"column":49},"end":{"line":64,"column":21}}]},"18":{"type":"branch","line":50,"loc":{"start":{"line":50,"column":-2},"end":{"line":57,"column":25}},"locations":[{"start":{"line":50,"column":-2},"end":{"line":57,"column":25}}]},"19":{"type":"branch","line":61,"loc":{"start":{"line":61,"column":65},"end":{"line":63,"column":25}},"locations":[{"start":{"line":61,"column":65},"end":{"line":63,"column":25}}]},"20":{"type":"branch","line":65,"loc":{"start":{"line":65,"column":-2},"end":{"line":66,"column":17}},"locations":[{"start":{"line":65,"column":-2},"end":{"line":66,"column":17}}]},"21":{"type":"branch","line":70,"loc":{"start":{"line":70,"column":-2},"end":{"line":71,"column":0}},"locations":[{"start":{"line":70,"column":-2},"end":{"line":71,"column":0}}]}},"b":{"0":[1],"1":[105708],"2":[103006],"3":[100300],"4":[105],"5":[5409],"6":[100299],"7":[100],"8":[100199],"9":[104],"10":[100095],"11":[99994],"12":[289999],"13":[99994],"14":[0],"15":[101],"16":[0],"17":[1114],"18":[0],"19":[101],"20":[0],"21":[204]},"fnMap":{"0":{"name":"fisher","decl":{"start":{"line":6,"column":15},"end":{"line":71,"column":1}},"loc":{"start":{"line":6,"column":15},"end":{"line":71,"column":1}},"line":6}},"f":{"0":105708}}
,"D:\\anyworkspace\\js-exp\\result-exp\\n-js-bb-tb-evomaster-nscs-sut-R30\\ncs-js\\src\\imp\\Gammq.js": {"path":"D:\\anyworkspace\\js-exp\\result-exp\\n-js-bb-tb-evomaster-nscs-sut-R30\\ncs-js\\src\\imp\\Gammq.js","all":false,"statementMap":{"0":{"start":{"line":1,"column":0},"end":{"line":1,"column":18}},"1":{"start":{"line":2,"column":0},"end":{"line":2,"column":19}},"2":{"start":{"line":3,"column":0},"end":{"line":3,"column":22}},"3":{"start":{"line":4,"column":0},"end":{"line":4,"column":0}},"4":{"start":{"line":5,"column":0},"end":{"line":5,"column":24}},"5":{"start":{"line":6,"column":0},"end":{"line":6,"column":0}},"6":{"start":{"line":7,"column":0},"end":{"line":7,"column":24}},"7":{"start":{"line":8,"column":0},"end":{"line":8,"column":0}},"8":{"start":{"line":9,"column":0},"end":{"line":9,"column":23}},"9":{"start":{"line":10,"column":0},"end":{"line":10,"column":0}},"10":{"start":{"line":11,"column":0},"end":{"line":11,"column":137}},"11":{"start":{"line":12,"column":0},"end":{"line":12,"column":0}},"12":{"start":{"line":13,"column":0},"end":{"line":13,"column":10}},"13":{"start":{"line":14,"column":0},"end":{"line":14,"column":0}},"14":{"start":{"line":15,"column":0},"end":{"line":15,"column":15}},"15":{"start":{"line":16,"column":0},"end":{"line":16,"column":18}},"16":{"start":{"line":17,"column":0},"end":{"line":17,"column":37}},"17":{"start":{"line":18,"column":0},"end":{"line":18,"column":28}},"18":{"start":{"line":19,"column":0},"end":{"line":19,"column":49}},"19":{"start":{"line":20,"column":0},"end":{"line":20,"column":57}},"20":{"start":{"line":21,"column":0},"end":{"line":21,"column":2}},"21":{"start":{"line":22,"column":0},"end":{"line":22,"column":0}},"22":{"start":{"line":23,"column":0},"end":{"line":23,"column":23}},"23":{"start":{"line":24,"column":0},"end":{"line":24,"column":10}},"24":{"start":{"line":25,"column":0},"end":{"line":25,"column":28}},"25":{"start":{"line":26,"column":0},"end":{"line":26,"column":0}},"26":{"start":{"line":27,"column":0},"end":{"line":27,"column":20}},"27":{"start":{"line":28,"column":0},"end":{"line":28,"column":20}},"28":{"start":{"line":29,"column":0},"end":{"line":29,"column":20}},"29":{"start":{"line":30,"column":0},"end":{"line":30,"column":16}},"30":{"start":{"line":31,"column":0},"end":{"line":31,"column":10}},"31":{"start":{"line":32,"column":0},"end":{"line":32,"column":34}},"32":{"start":{"line":33,"column":0},"end":{"line":33,"column":26}},"33":{"start":{"line":34,"column":0},"end":{"line":34,"column":17}},"34":{"start":{"line":35,"column":0},"end":{"line":35,"column":23}},"35":{"start":{"line":36,"column":0},"end":{"line":36,"column":43}},"36":{"start":{"line":37,"column":0},"end":{"line":37,"column":23}},"37":{"start":{"line":38,"column":0},"end":{"line":38,"column":43}},"38":{"start":{"line":39,"column":0},"end":{"line":39,"column":20}},"39":{"start":{"line":40,"column":0},"end":{"line":40,"column":20}},"40":{"start":{"line":41,"column":0},"end":{"line":41,"column":17}},"41":{"start":{"line":42,"column":0},"end":{"line":42,"column":45}},"42":{"start":{"line":43,"column":0},"end":{"line":43,"column":5}},"43":{"start":{"line":44,"column":0},"end":{"line":44,"column":74}},"44":{"start":{"line":45,"column":0},"end":{"line":45,"column":54}},"45":{"start":{"line":46,"column":0},"end":{"line":46,"column":2}},"46":{"start":{"line":47,"column":0},"end":{"line":47,"column":0}},"47":{"start":{"line":48,"column":0},"end":{"line":48,"column":24}},"48":{"start":{"line":49,"column":0},"end":{"line":49,"column":0}},"49":{"start":{"line":50,"column":0},"end":{"line":50,"column":10}},"50":{"start":{"line":51,"column":0},"end":{"line":51,"column":21}},"51":{"start":{"line":52,"column":0},"end":{"line":52,"column":0}},"52":{"start":{"line":53,"column":0},"end":{"line":53,"column":20}},"53":{"start":{"line":54,"column":0},"end":{"line":54,"column":0}},"54":{"start":{"line":55,"column":0},"end":{"line":55,"column":19}},"55":{"start":{"line":56,"column":0},"end":{"line":56,"column":70}},"56":{"start":{"line":57,"column":0},"end":{"line":57,"column":21}},"57":{"start":{"line":58,"column":0},"end":{"line":58,"column":15}},"58":{"start":{"line":59,"column":0},"end":{"line":59,"column":12}},"59":{"start":{"line":60,"column":0},"end":{"line":60,"column":15}},"60":{"start":{"line":61,"column":0},"end":{"line":61,"column":28}},"61":{"start":{"line":62,"column":0},"end":{"line":62,"column":38}},"62":{"start":{"line":63,"column":0},"end":{"line":63,"column":17}},"63":{"start":{"line":64,"column":0},"end":{"line":64,"column":26}},"64":{"start":{"line":65,"column":0},"end":{"line":65,"column":23}},"65":{"start":{"line":66,"column":0},"end":{"line":66,"column":54}},"66":{"start":{"line":67,"column":0},"end":{"line":67,"column":68}},"67":{"start":{"line":68,"column":0},"end":{"line":68,"column":23}},"68":{"start":{"line":69,"column":0},"end":{"line":69,"column":13}},"69":{"start":{"line":70,"column":0},"end":{"line":70,"column":9}},"70":{"start":{"line":71,"column":0},"end":{"line":71,"column":72}},"71":{"start":{"line":72,"column":0},"end":{"line":72,"column":5}},"72":{"start":{"line":73,"column":0},"end":{"line":73,"column":2}},"73":{"start":{"line":74,"column":0},"end":{"line":74,"column":0}},"74":{"start":{"line":75,"column":0},"end":{"line":75,"column":25}},"75":{"start":{"line":76,"column":0},"end":{"line":76,"column":83}},"76":{"start":{"line":77,"column":0},"end":{"line":77,"column":24}},"77":{"start":{"line":78,"column":0},"end":{"line":78,"column":19}},"78":{"start":{"line":79,"column":0},"end":{"line":79,"column":26}},"79":{"start":{"line":80,"column":0},"end":{"line":80,"column":12}},"80":{"start":{"line":81,"column":0},"end":{"line":81,"column":18}},"81":{"start":{"line":82,"column":0},"end":{"line":82,"column":22}},"82":{"start":{"line":83,"column":0},"end":{"line":83,"column":5}},"83":{"start":{"line":84,"column":0},"end":{"line":84,"column":2}},"84":{"start":{"line":85,"column":0},"end":{"line":85,"column":0}},"85":{"start":{"line":86,"column":0},"end":{"line":86,"column":25}}},"s":{"0":1,"1":1,"2":1,"3":1,"4":1,"5":1,"6":1,"7":129,"8":129,"9":129,"10":129,"11":129,"12":129,"13":129,"14":129,"15":129,"16":129,"17":129,"18":129,"19":129,"20":1,"21":1,"22":1,"23":0,"24":0,"25":0,"26":0,"27":0,"28":0,"29":0,"30":0,"31":0,"32":0,"33":0,"34":0,"35":0,"36":0,"37":0,"38":0,"39":0,"40":0,"41":0,"42":0,"43":0,"44":0,"45":1,"46":1,"47":1,"48":129,"49":129,"50":129,"51":129,"52":129,"53":129,"54":129,"55":129,"56":129,"57":129,"58":129,"59":0,"60":0,"61":0,"62":0,"63":0,"64":0,"65":0,"66":0,"67":0,"68":0,"69":0,"70":0,"71":0,"72":1,"73":1,"74":1,"75":110664,"76":129,"77":129,"78":129,"79":110664,"80":0,"81":0,"82":0,"83":1,"84":1,"85":1},"branchMap":{"0":{"type":"branch","line":1,"loc":{"start":{"line":1,"column":0},"end":{"line":86,"column":25}},"locations":[{"start":{"line":1,"column":0},"end":{"line":86,"column":25}}]},"1":{"type":"branch","line":7,"loc":{"start":{"line":7,"column":15},"end":{"line":21,"column":1}},"locations":[{"start":{"line":7,"column":15},"end":{"line":21,"column":1}}]},"2":{"type":"branch","line":19,"loc":{"start":{"line":19,"column":29},"end":{"line":19,"column":49}},"locations":[{"start":{"line":19,"column":29},"end":{"line":19,"column":49}}]},"3":{"type":"branch","line":48,"loc":{"start":{"line":48,"column":13},"end":{"line":73,"column":1}},"locations":[{"start":{"line":48,"column":13},"end":{"line":73,"column":1}}]},"4":{"type":"branch","line":56,"loc":{"start":{"line":56,"column":21},"end":{"line":56,"column":70}},"locations":[{"start":{"line":56,"column":21},"end":{"line":56,"column":70}}]},"5":{"type":"branch","line":59,"loc":{"start":{"line":59,"column":5},"end":{"line":72,"column":5}},"locations":[{"start":{"line":59,"column":5},"end":{"line":72,"column":5}}]},"6":{"type":"branch","line":75,"loc":{"start":{"line":75,"column":14},"end":{"line":84,"column":1}},"locations":[{"start":{"line":75,"column":14},"end":{"line":84,"column":1}}]},"7":{"type":"branch","line":76,"loc":{"start":{"line":76,"column":29},"end":{"line":76,"column":83}},"locations":[{"start":{"line":76,"column":29},"end":{"line":76,"column":83}}]},"8":{"type":"branch","line":77,"loc":{"start":{"line":77,"column":-2},"end":{"line":80,"column":5}},"locations":[{"start":{"line":77,"column":-2},"end":{"line":80,"column":5}}]},"9":{"type":"branch","line":80,"loc":{"start":{"line":80,"column":5},"end":{"line":83,"column":5}},"locations":[{"start":{"line":80,"column":5},"end":{"line":83,"column":5}}]}},"b":{"0":[1],"1":[129],"2":[774],"3":[129],"4":[0],"5":[0],"6":[110664],"7":[110535],"8":[129],"9":[0]},"fnMap":{"0":{"name":"gammln","decl":{"start":{"line":7,"column":15},"end":{"line":21,"column":1}},"loc":{"start":{"line":7,"column":15},"end":{"line":21,"column":1}},"line":7},"1":{"name":"gcf","decl":{"start":{"line":23,"column":12},"end":{"line":46,"column":1}},"loc":{"start":{"line":23,"column":12},"end":{"line":46,"column":1}},"line":23},"2":{"name":"gser","decl":{"start":{"line":48,"column":13},"end":{"line":73,"column":1}},"loc":{"start":{"line":48,"column":13},"end":{"line":73,"column":1}},"line":48},"3":{"name":"gammq","decl":{"start":{"line":75,"column":14},"end":{"line":84,"column":1}},"loc":{"start":{"line":75,"column":14},"end":{"line":84,"column":1}},"line":75}},"f":{"0":129,"1":0,"2":129,"3":110664}}
,"D:\\anyworkspace\\js-exp\\result-exp\\n-js-bb-tb-evomaster-nscs-sut-R30\\ncs-js\\src\\imp\\Remainder.js": {"path":"D:\\anyworkspace\\js-exp\\result-exp\\n-js-bb-tb-evomaster-nscs-sut-R30\\ncs-js\\src\\imp\\Remainder.js","all":false,"statementMap":{"0":{"start":{"line":1,"column":0},"end":{"line":1,"column":29}},"1":{"start":{"line":2,"column":0},"end":{"line":2,"column":18}},"2":{"start":{"line":3,"column":0},"end":{"line":3,"column":15}},"3":{"start":{"line":4,"column":0},"end":{"line":4,"column":15}},"4":{"start":{"line":5,"column":0},"end":{"line":5,"column":0}},"5":{"start":{"line":6,"column":0},"end":{"line":6,"column":17}},"6":{"start":{"line":7,"column":0},"end":{"line":7,"column":22}},"7":{"start":{"line":8,"column":0},"end":{"line":8,"column":19}},"8":{"start":{"line":9,"column":0},"end":{"line":9,"column":18}},"9":{"start":{"line":10,"column":0},"end":{"line":10,"column":35}},"10":{"start":{"line":11,"column":0},"end":{"line":11,"column":28}},"11":{"start":{"line":12,"column":0},"end":{"line":12,"column":27}},"12":{"start":{"line":13,"column":0},"end":{"line":13,"column":28}},"13":{"start":{"line":14,"column":0},"end":{"line":14,"column":13}},"14":{"start":{"line":15,"column":0},"end":{"line":15,"column":22}},"15":{"start":{"line":16,"column":0},"end":{"line":16,"column":28}},"16":{"start":{"line":17,"column":0},"end":{"line":17,"column":53}},"17":{"start":{"line":18,"column":0},"end":{"line":18,"column":28}},"18":{"start":{"line":19,"column":0},"end":{"line":19,"column":27}},"19":{"start":{"line":20,"column":0},"end":{"line":20,"column":28}},"20":{"start":{"line":21,"column":0},"end":{"line":21,"column":13}},"21":{"start":{"line":22,"column":0},"end":{"line":22,"column":18}},"22":{"start":{"line":23,"column":0},"end":{"line":23,"column":14}},"23":{"start":{"line":24,"column":0},"end":{"line":24,"column":34}},"24":{"start":{"line":25,"column":0},"end":{"line":25,"column":61}},"25":{"start":{"line":26,"column":0},"end":{"line":26,"column":24}},"26":{"start":{"line":27,"column":0},"end":{"line":27,"column":23}},"27":{"start":{"line":28,"column":0},"end":{"line":28,"column":24}},"28":{"start":{"line":29,"column":0},"end":{"line":29,"column":9}},"29":{"start":{"line":30,"column":0},"end":{"line":30,"column":8}},"30":{"start":{"line":31,"column":0},"end":{"line":31,"column":31}},"31":{"start":{"line":32,"column":0},"end":{"line":32,"column":24}},"32":{"start":{"line":33,"column":0},"end":{"line":33,"column":31}},"33":{"start":{"line":34,"column":0},"end":{"line":34,"column":55}},"34":{"start":{"line":35,"column":0},"end":{"line":35,"column":24}},"35":{"start":{"line":36,"column":0},"end":{"line":36,"column":9}},"36":{"start":{"line":37,"column":0},"end":{"line":37,"column":13}},"37":{"start":{"line":38,"column":0},"end":{"line":38,"column":2}},"38":{"start":{"line":39,"column":0},"end":{"line":39,"column":0}},"39":{"start":{"line":40,"column":0},"end":{"line":40,"column":0}},"40":{"start":{"line":41,"column":0},"end":{"line":41,"column":29}}},"s":{"0":1,"1":100586,"2":100586,"3":100586,"4":100586,"5":100586,"6":100479,"7":100382,"8":100382,"9":100382,"10":333928,"11":333928,"12":333928,"13":333928,"14":0,"15":0,"16":0,"17":0,"18":0,"19":0,"20":0,"21":0,"22":0,"23":0,"24":0,"25":0,"26":0,"27":0,"28":0,"29":0,"30":0,"31":0,"32":0,"33":0,"34":0,"35":0,"36":100586,"37":1,"38":1,"39":1,"40":1},"branchMap":{"0":{"type":"branch","line":1,"loc":{"start":{"line":1,"column":0},"end":{"line":41,"column":29}},"locations":[{"start":{"line":1,"column":0},"end":{"line":41,"column":29}}]},"1":{"type":"branch","line":1,"loc":{"start":{"line":1,"column":18},"end":{"line":38,"column":1}},"locations":[{"start":{"line":1,"column":18},"end":{"line":38,"column":1}}]},"2":{"type":"branch","line":6,"loc":{"start":{"line":6,"column":16},"end":{"line":6,"column":17}},"locations":[{"start":{"line":6,"column":16},"end":{"line":6,"column":17}}]},"3":{"type":"branch","line":7,"loc":{"start":{"line":7,"column":-2},"end":{"line":36,"column":9}},"locations":[{"start":{"line":7,"column":-2},"end":{"line":36,"column":9}}]},"4":{"type":"branch","line":7,"loc":{"start":{"line":7,"column":21},"end":{"line":7,"column":22}},"locations":[{"start":{"line":7,"column":21},"end":{"line":7,"column":22}}]},"5":{"type":"branch","line":8,"loc":{"start":{"line":8,"column":-2},"end":{"line":36,"column":9}},"locations":[{"start":{"line":8,"column":-2},"end":{"line":36,"column":9}}]},"6":{"type":"branch","line":10,"loc":{"start":{"line":10,"column":34},"end":{"line":14,"column":13}},"locations":[{"start":{"line":10,"column":34},"end":{"line":14,"column":13}}]},"7":{"type":"branch","line":15,"loc":{"start":{"line":15,"column":-2},"end":{"line":36,"column":9}},"locations":[{"start":{"line":15,"column":-2},"end":{"line":36,"column":9}}]}},"b":{"0":[1],"1":[100586],"2":[107],"3":[100479],"4":[97],"5":[100382],"6":[333928],"7":[0]},"fnMap":{"0":{"name":"remainder","decl":{"start":{"line":1,"column":18},"end":{"line":38,"column":1}},"loc":{"start":{"line":1,"column":18},"end":{"line":38,"column":1}},"line":1}},"f":{"0":100586}}
,"D:\\anyworkspace\\js-exp\\result-exp\\n-js-bb-tb-evomaster-nscs-sut-R30\\ncs-js\\src\\imp\\TriangleClassification.js": {"path":"D:\\anyworkspace\\js-exp\\result-exp\\n-js-bb-tb-evomaster-nscs-sut-R30\\ncs-js\\src\\imp\\TriangleClassification.js","all":false,"statementMap":{"0":{"start":{"line":1,"column":0},"end":{"line":1,"column":31}},"1":{"start":{"line":2,"column":0},"end":{"line":2,"column":0}},"2":{"start":{"line":3,"column":0},"end":{"line":3,"column":37}},"3":{"start":{"line":4,"column":0},"end":{"line":4,"column":17}},"4":{"start":{"line":5,"column":0},"end":{"line":5,"column":5}},"5":{"start":{"line":6,"column":0},"end":{"line":6,"column":0}},"6":{"start":{"line":7,"column":0},"end":{"line":7,"column":27}},"7":{"start":{"line":8,"column":0},"end":{"line":8,"column":17}},"8":{"start":{"line":9,"column":0},"end":{"line":9,"column":5}},"9":{"start":{"line":10,"column":0},"end":{"line":10,"column":0}},"10":{"start":{"line":11,"column":0},"end":{"line":11,"column":42}},"11":{"start":{"line":12,"column":0},"end":{"line":12,"column":0}},"12":{"start":{"line":13,"column":0},"end":{"line":13,"column":41}},"13":{"start":{"line":14,"column":0},"end":{"line":14,"column":41}},"14":{"start":{"line":15,"column":0},"end":{"line":15,"column":41}},"15":{"start":{"line":16,"column":0},"end":{"line":16,"column":17}},"16":{"start":{"line":17,"column":0},"end":{"line":17,"column":5}},"17":{"start":{"line":18,"column":0},"end":{"line":18,"column":0}},"18":{"start":{"line":19,"column":0},"end":{"line":19,"column":37}},"19":{"start":{"line":20,"column":0},"end":{"line":20,"column":17}},"20":{"start":{"line":21,"column":0},"end":{"line":21,"column":12}},"21":{"start":{"line":22,"column":0},"end":{"line":22,"column":17}},"22":{"start":{"line":23,"column":0},"end":{"line":23,"column":5}},"23":{"start":{"line":24,"column":0},"end":{"line":24,"column":2}},"24":{"start":{"line":25,"column":0},"end":{"line":25,"column":0}},"25":{"start":{"line":26,"column":0},"end":{"line":26,"column":28}}},"s":{"0":1,"1":110422,"2":110422,"3":8354,"4":8354,"5":102068,"6":110422,"7":0,"8":0,"9":102068,"10":102068,"11":102068,"12":110422,"13":110422,"14":110422,"15":54920,"16":54920,"17":47148,"18":110422,"19":198,"20":110422,"21":46950,"22":46950,"23":1,"24":1,"25":1},"branchMap":{"0":{"type":"branch","line":1,"loc":{"start":{"line":1,"column":0},"end":{"line":26,"column":28}},"locations":[{"start":{"line":1,"column":0},"end":{"line":26,"column":28}}]},"1":{"type":"branch","line":1,"loc":{"start":{"line":1,"column":17},"end":{"line":24,"column":1}},"locations":[{"start":{"line":1,"column":17},"end":{"line":24,"column":1}}]},"2":{"type":"branch","line":3,"loc":{"start":{"line":3,"column":15},"end":{"line":3,"column":24}},"locations":[{"start":{"line":3,"column":15},"end":{"line":3,"column":24}}]},"3":{"type":"branch","line":3,"loc":{"start":{"line":3,"column":25},"end":{"line":3,"column":34}},"locations":[{"start":{"line":3,"column":25},"end":{"line":3,"column":34}}]},"4":{"type":"branch","line":3,"loc":{"start":{"line":3,"column":36},"end":{"line":5,"column":5}},"locations":[{"start":{"line":3,"column":36},"end":{"line":5,"column":5}}]},"5":{"type":"branch","line":6,"loc":{"start":{"line":6,"column":-2},"end":{"line":7,"column":15}},"locations":[{"start":{"line":6,"column":-2},"end":{"line":7,"column":15}}]},"6":{"type":"branch","line":7,"loc":{"start":{"line":7,"column":15},"end":{"line":7,"column":24}},"locations":[{"start":{"line":7,"column":15},"end":{"line":7,"column":24}}]},"7":{"type":"branch","line":7,"loc":{"start":{"line":7,"column":26},"end":{"line":9,"column":5}},"locations":[{"start":{"line":7,"column":26},"end":{"line":9,"column":5}}]},"8":{"type":"branch","line":10,"loc":{"start":{"line":10,"column":-2},"end":{"line":13,"column":18}},"locations":[{"start":{"line":10,"column":-2},"end":{"line":13,"column":18}}]},"9":{"type":"branch","line":13,"loc":{"start":{"line":13,"column":18},"end":{"line":13,"column":37}},"locations":[{"start":{"line":13,"column":18},"end":{"line":13,"column":37}}]},"10":{"type":"branch","line":13,"loc":{"start":{"line":13,"column":39},"end":{"line":14,"column":38}},"locations":[{"start":{"line":13,"column":39},"end":{"line":14,"column":38}}]},"11":{"type":"branch","line":14,"loc":{"start":{"line":14,"column":18},"end":{"line":14,"column":37}},"locations":[{"start":{"line":14,"column":18},"end":{"line":14,"column":37}}]},"12":{"type":"branch","line":14,"loc":{"start":{"line":14,"column":39},"end":{"line":15,"column":38}},"locations":[{"start":{"line":14,"column":39},"end":{"line":15,"column":38}}]},"13":{"type":"branch","line":15,"loc":{"start":{"line":15,"column":18},"end":{"line":15,"column":37}},"locations":[{"start":{"line":15,"column":18},"end":{"line":15,"column":37}}]},"14":{"type":"branch","line":15,"loc":{"start":{"line":15,"column":40},"end":{"line":17,"column":5}},"locations":[{"start":{"line":15,"column":40},"end":{"line":17,"column":5}}]},"15":{"type":"branch","line":18,"loc":{"start":{"line":18,"column":-2},"end":{"line":19,"column":15}},"locations":[{"start":{"line":18,"column":-2},"end":{"line":19,"column":15}}]},"16":{"type":"branch","line":19,"loc":{"start":{"line":19,"column":15},"end":{"line":19,"column":24}},"locations":[{"start":{"line":19,"column":15},"end":{"line":19,"column":24}}]},"17":{"type":"branch","line":19,"loc":{"start":{"line":19,"column":25},"end":{"line":19,"column":34}},"locations":[{"start":{"line":19,"column":25},"end":{"line":19,"column":34}}]},"18":{"type":"branch","line":19,"loc":{"start":{"line":19,"column":36},"end":{"line":21,"column":5}},"locations":[{"start":{"line":19,"column":36},"end":{"line":21,"column":5}}]},"19":{"type":"branch","line":21,"loc":{"start":{"line":21,"column":5},"end":{"line":23,"column":5}},"locations":[{"start":{"line":21,"column":5},"end":{"line":23,"column":5}}]}},"b":{"0":[1],"1":[110422],"2":[107543],"3":[104753],"4":[8354],"5":[102068],"6":[104],"7":[0],"8":[102068],"9":[33864],"10":[83845],"11":[34055],"12":[65397],"13":[34277],"14":[54920],"15":[47148],"16":[47077],"17":[47015],"18":[198],"19":[46950]},"fnMap":{"0":{"name":"triangle","decl":{"start":{"line":1,"column":17},"end":{"line":24,"column":1}},"loc":{"start":{"line":1,"column":17},"end":{"line":24,"column":1}},"line":1}},"f":{"0":110422}}
}
