{"total": {"lines":{"total":784,"covered":486,"skipped":0,"pct":61.99},"statements":{"total":784,"covered":486,"skipped":0,"pct":61.99},"functions":{"total":11,"covered":11,"skipped":0,"pct":100},"branches":{"total":144,"covered":124,"skipped":0,"pct":86.11}}
,"/Users/any/Github/EMB/js_npm/rest/ncs/src/app.js": {"lines":{"total":352,"covered":113,"skipped":0,"pct":32.1},"functions":{"total":0,"covered":0,"skipped":0,"pct":100},"statements":{"total":352,"covered":113,"skipped":0,"pct":32.1},"branches":{"total":20,"covered":20,"skipped":0,"pct":100}}
,"/Users/any/Github/EMB/js_npm/rest/ncs/src/serverWithCov.js": {"lines":{"total":16,"covered":16,"skipped":0,"pct":100},"functions":{"total":0,"covered":0,"skipped":0,"pct":100},"statements":{"total":16,"covered":16,"skipped":0,"pct":100},"branches":{"total":5,"covered":4,"skipped":0,"pct":80}}
,"/Users/any/Github/EMB/js_npm/rest/ncs/src/imp/BessJ.js": {"lines":{"total":117,"covered":105,"skipped":0,"pct":89.74},"functions":{"total":3,"covered":3,"skipped":0,"pct":100},"statements":{"total":117,"covered":105,"skipped":0,"pct":89.74},"branches":{"total":22,"covered":18,"skipped":0,"pct":81.82}}
,"/Users/any/Github/EMB/js_npm/rest/ncs/src/imp/Expint.js": {"lines":{"total":73,"covered":69,"skipped":0,"pct":94.52},"functions":{"total":1,"covered":1,"skipped":0,"pct":100},"statements":{"total":73,"covered":69,"skipped":0,"pct":94.52},"branches":{"total":25,"covered":22,"skipped":0,"pct":88}}
,"/Users/any/Github/EMB/js_npm/rest/ncs/src/imp/Fisher.js": {"lines":{"total":73,"covered":45,"skipped":0,"pct":61.64},"functions":{"total":1,"covered":1,"skipped":0,"pct":100},"statements":{"total":73,"covered":45,"skipped":0,"pct":61.64},"branches":{"total":16,"covered":15,"skipped":0,"pct":93.75}}
,"/Users/any/Github/EMB/js_npm/rest/ncs/src/imp/Gammq.js": {"lines":{"total":86,"covered":84,"skipped":0,"pct":97.67},"functions":{"total":4,"covered":4,"skipped":0,"pct":100},"statements":{"total":86,"covered":84,"skipped":0,"pct":97.67},"branches":{"total":20,"covered":15,"skipped":0,"pct":75}}
,"/Users/any/Github/EMB/js_npm/rest/ncs/src/imp/Remainder.js": {"lines":{"total":41,"covered":30,"skipped":0,"pct":73.17},"functions":{"total":1,"covered":1,"skipped":0,"pct":100},"statements":{"total":41,"covered":30,"skipped":0,"pct":73.17},"branches":{"total":17,"covered":13,"skipped":0,"pct":76.47}}
,"/Users/any/Github/EMB/js_npm/rest/ncs/src/imp/TriangleClassification.js": {"lines":{"total":26,"covered":24,"skipped":0,"pct":92.31},"functions":{"total":1,"covered":1,"skipped":0,"pct":100},"statements":{"total":26,"covered":24,"skipped":0,"pct":92.31},"branches":{"total":19,"covered":17,"skipped":0,"pct":89.47}}
}
