{"total": {"lines":{"total":1367,"covered":1115,"skipped":0,"pct":81.57},"statements":{"total":1367,"covered":1115,"skipped":0,"pct":81.57},"functions":{"total":93,"covered":64,"skipped":0,"pct":68.82},"branches":{"total":149,"covered":123,"skipped":0,"pct":82.55}}
,"D:\\anyworkspace\\js-exp\\result-exp\\n-js-restler-real-R15\\nestjs-realworld-example-app-js\\ormconfig.js": {"lines":{"total":15,"covered":15,"skipped":0,"pct":100},"functions":{"total":0,"covered":0,"skipped":0,"pct":100},"statements":{"total":15,"covered":15,"skipped":0,"pct":100},"branches":{"total":4,"covered":1,"skipped":0,"pct":25}}
,"D:\\anyworkspace\\js-exp\\result-exp\\n-js-restler-real-R15\\nestjs-realworld-example-app-js\\em\\app-driver.js": {"lines":{"total":108,"covered":74,"skipped":0,"pct":68.52},"functions":{"total":8,"covered":4,"skipped":0,"pct":50},"statements":{"total":108,"covered":74,"skipped":0,"pct":68.52},"branches":{"total":14,"covered":12,"skipped":0,"pct":85.71}}
,"D:\\anyworkspace\\js-exp\\result-exp\\n-js-restler-real-R15\\nestjs-realworld-example-app-js\\em\\db-handler.js": {"lines":{"total":104,"covered":99,"skipped":0,"pct":95.19},"functions":{"total":5,"covered":4,"skipped":0,"pct":80},"statements":{"total":104,"covered":99,"skipped":0,"pct":95.19},"branches":{"total":16,"covered":13,"skipped":0,"pct":81.25}}
,"D:\\anyworkspace\\js-exp\\result-exp\\n-js-restler-real-R15\\nestjs-realworld-example-app-js\\em\\get-free-port.js": {"lines":{"total":16,"covered":6,"skipped":0,"pct":37.5},"functions":{"total":1,"covered":0,"skipped":0,"pct":0},"statements":{"total":16,"covered":6,"skipped":0,"pct":37.5},"branches":{"total":1,"covered":1,"skipped":0,"pct":100}}
,"D:\\anyworkspace\\js-exp\\result-exp\\n-js-restler-real-R15\\nestjs-realworld-example-app-js\\em\\serverWithCov.js": {"lines":{"total":16,"covered":16,"skipped":0,"pct":100},"functions":{"total":0,"covered":0,"skipped":0,"pct":100},"statements":{"total":16,"covered":16,"skipped":0,"pct":100},"branches":{"total":4,"covered":3,"skipped":0,"pct":75}}
,"D:\\anyworkspace\\js-exp\\result-exp\\n-js-restler-real-R15\\nestjs-realworld-example-app-js\\src\\src\\app.controller.ts": {"lines":{"total":9,"covered":7,"skipped":0,"pct":77.78},"functions":{"total":1,"covered":0,"skipped":0,"pct":0},"statements":{"total":9,"covered":7,"skipped":0,"pct":77.78},"branches":{"total":0,"covered":0,"skipped":0,"pct":100}}
,"D:\\anyworkspace\\js-exp\\result-exp\\n-js-restler-real-R15\\nestjs-realworld-example-app-js\\src\\src\\app.module.ts": {"lines":{"total":25,"covered":25,"skipped":0,"pct":100},"functions":{"total":1,"covered":1,"skipped":0,"pct":100},"statements":{"total":25,"covered":25,"skipped":0,"pct":100},"branches":{"total":1,"covered":1,"skipped":0,"pct":100}}
,"D:\\anyworkspace\\js-exp\\result-exp\\n-js-restler-real-R15\\nestjs-realworld-example-app-js\\src\\src\\config.ts": {"lines":{"total":1,"covered":1,"skipped":0,"pct":100},"functions":{"total":0,"covered":0,"skipped":0,"pct":100},"statements":{"total":1,"covered":1,"skipped":0,"pct":100},"branches":{"total":0,"covered":0,"skipped":0,"pct":100}}
,"D:\\anyworkspace\\js-exp\\result-exp\\n-js-restler-real-R15\\nestjs-realworld-example-app-js\\src\\src\\server.ts": {"lines":{"total":46,"covered":44,"skipped":0,"pct":95.65},"functions":{"total":2,"covered":2,"skipped":0,"pct":100},"statements":{"total":46,"covered":44,"skipped":0,"pct":95.65},"branches":{"total":6,"covered":4,"skipped":0,"pct":66.67}}
,"D:\\anyworkspace\\js-exp\\result-exp\\n-js-restler-real-R15\\nestjs-realworld-example-app-js\\src\\src\\article\\article.controller.ts": {"lines":{"total":106,"covered":88,"skipped":0,"pct":83.02},"functions":{"total":12,"covered":4,"skipped":0,"pct":33.33},"statements":{"total":106,"covered":88,"skipped":0,"pct":83.02},"branches":{"total":4,"covered":4,"skipped":0,"pct":100}}
,"D:\\anyworkspace\\js-exp\\result-exp\\n-js-restler-real-R15\\nestjs-realworld-example-app-js\\src\\src\\article\\article.entity.ts": {"lines":{"total":46,"covered":44,"skipped":0,"pct":95.65},"functions":{"total":5,"covered":4,"skipped":0,"pct":80},"statements":{"total":46,"covered":44,"skipped":0,"pct":95.65},"branches":{"total":6,"covered":6,"skipped":0,"pct":100}}
,"D:\\anyworkspace\\js-exp\\result-exp\\n-js-restler-real-R15\\nestjs-realworld-example-app-js\\src\\src\\article\\article.module.ts": {"lines":{"total":33,"covered":33,"skipped":0,"pct":100},"functions":{"total":1,"covered":1,"skipped":0,"pct":100},"statements":{"total":33,"covered":33,"skipped":0,"pct":100},"branches":{"total":1,"covered":1,"skipped":0,"pct":100}}
,"D:\\anyworkspace\\js-exp\\result-exp\\n-js-restler-real-R15\\nestjs-realworld-example-app-js\\src\\src\\article\\article.service.ts": {"lines":{"total":204,"covered":89,"skipped":0,"pct":43.63},"functions":{"total":13,"covered":5,"skipped":0,"pct":38.46},"statements":{"total":204,"covered":89,"skipped":0,"pct":43.63},"branches":{"total":9,"covered":7,"skipped":0,"pct":77.78}}
,"D:\\anyworkspace\\js-exp\\result-exp\\n-js-restler-real-R15\\nestjs-realworld-example-app-js\\src\\src\\article\\comment.entity.ts": {"lines":{"total":15,"covered":15,"skipped":0,"pct":100},"functions":{"total":0,"covered":0,"skipped":0,"pct":100},"statements":{"total":15,"covered":15,"skipped":0,"pct":100},"branches":{"total":2,"covered":2,"skipped":0,"pct":100}}
,"D:\\anyworkspace\\js-exp\\result-exp\\n-js-restler-real-R15\\nestjs-realworld-example-app-js\\src\\src\\article\\dto\\create-article.dto.ts": {"lines":{"total":6,"covered":6,"skipped":0,"pct":100},"functions":{"total":0,"covered":0,"skipped":0,"pct":100},"statements":{"total":6,"covered":6,"skipped":0,"pct":100},"branches":{"total":0,"covered":0,"skipped":0,"pct":100}}
,"D:\\anyworkspace\\js-exp\\result-exp\\n-js-restler-real-R15\\nestjs-realworld-example-app-js\\src\\src\\article\\dto\\create-comment.ts": {"lines":{"total":3,"covered":3,"skipped":0,"pct":100},"functions":{"total":0,"covered":0,"skipped":0,"pct":100},"statements":{"total":3,"covered":3,"skipped":0,"pct":100},"branches":{"total":0,"covered":0,"skipped":0,"pct":100}}
,"D:\\anyworkspace\\js-exp\\result-exp\\n-js-restler-real-R15\\nestjs-realworld-example-app-js\\src\\src\\article\\dto\\index.ts": {"lines":{"total":2,"covered":2,"skipped":0,"pct":100},"functions":{"total":2,"covered":2,"skipped":0,"pct":100},"statements":{"total":2,"covered":2,"skipped":0,"pct":100},"branches":{"total":2,"covered":2,"skipped":0,"pct":100}}
,"D:\\anyworkspace\\js-exp\\result-exp\\n-js-restler-real-R15\\nestjs-realworld-example-app-js\\src\\src\\profile\\follows.entity.ts": {"lines":{"total":15,"covered":15,"skipped":0,"pct":100},"functions":{"total":0,"covered":0,"skipped":0,"pct":100},"statements":{"total":15,"covered":15,"skipped":0,"pct":100},"branches":{"total":0,"covered":0,"skipped":0,"pct":100}}
,"D:\\anyworkspace\\js-exp\\result-exp\\n-js-restler-real-R15\\nestjs-realworld-example-app-js\\src\\src\\profile\\profile.controller.ts": {"lines":{"total":33,"covered":33,"skipped":0,"pct":100},"functions":{"total":4,"covered":4,"skipped":0,"pct":100},"statements":{"total":33,"covered":33,"skipped":0,"pct":100},"branches":{"total":4,"covered":4,"skipped":0,"pct":100}}
,"D:\\anyworkspace\\js-exp\\result-exp\\n-js-restler-real-R15\\nestjs-realworld-example-app-js\\src\\src\\profile\\profile.module.ts": {"lines":{"total":24,"covered":24,"skipped":0,"pct":100},"functions":{"total":1,"covered":1,"skipped":0,"pct":100},"statements":{"total":24,"covered":24,"skipped":0,"pct":100},"branches":{"total":1,"covered":1,"skipped":0,"pct":100}}
,"D:\\anyworkspace\\js-exp\\result-exp\\n-js-restler-real-R15\\nestjs-realworld-example-app-js\\src\\src\\profile\\profile.service.ts": {"lines":{"total":104,"covered":62,"skipped":0,"pct":59.62},"functions":{"total":6,"covered":4,"skipped":0,"pct":66.67},"statements":{"total":104,"covered":62,"skipped":0,"pct":59.62},"branches":{"total":12,"covered":8,"skipped":0,"pct":66.67}}
,"D:\\anyworkspace\\js-exp\\result-exp\\n-js-restler-real-R15\\nestjs-realworld-example-app-js\\src\\src\\shared\\pipes\\validation.pipe.ts": {"lines":{"total":41,"covered":39,"skipped":0,"pct":95.12},"functions":{"total":3,"covered":3,"skipped":0,"pct":100},"statements":{"total":41,"covered":39,"skipped":0,"pct":95.12},"branches":{"total":13,"covered":12,"skipped":0,"pct":92.31}}
,"D:\\anyworkspace\\js-exp\\result-exp\\n-js-restler-real-R15\\nestjs-realworld-example-app-js\\src\\src\\tag\\tag.controller.ts": {"lines":{"total":22,"covered":22,"skipped":0,"pct":100},"functions":{"total":2,"covered":2,"skipped":0,"pct":100},"statements":{"total":22,"covered":22,"skipped":0,"pct":100},"branches":{"total":2,"covered":2,"skipped":0,"pct":100}}
,"D:\\anyworkspace\\js-exp\\result-exp\\n-js-restler-real-R15\\nestjs-realworld-example-app-js\\src\\src\\tag\\tag.entity.ts": {"lines":{"total":12,"covered":12,"skipped":0,"pct":100},"functions":{"total":0,"covered":0,"skipped":0,"pct":100},"statements":{"total":12,"covered":12,"skipped":0,"pct":100},"branches":{"total":0,"covered":0,"skipped":0,"pct":100}}
,"D:\\anyworkspace\\js-exp\\result-exp\\n-js-restler-real-R15\\nestjs-realworld-example-app-js\\src\\src\\tag\\tag.module.ts": {"lines":{"total":19,"covered":19,"skipped":0,"pct":100},"functions":{"total":1,"covered":1,"skipped":0,"pct":100},"statements":{"total":19,"covered":19,"skipped":0,"pct":100},"branches":{"total":1,"covered":1,"skipped":0,"pct":100}}
,"D:\\anyworkspace\\js-exp\\result-exp\\n-js-restler-real-R15\\nestjs-realworld-example-app-js\\src\\src\\tag\\tag.service.ts": {"lines":{"total":17,"covered":17,"skipped":0,"pct":100},"functions":{"total":2,"covered":2,"skipped":0,"pct":100},"statements":{"total":17,"covered":17,"skipped":0,"pct":100},"branches":{"total":2,"covered":2,"skipped":0,"pct":100}}
,"D:\\anyworkspace\\js-exp\\result-exp\\n-js-restler-real-R15\\nestjs-realworld-example-app-js\\src\\src\\user\\auth.middleware.ts": {"lines":{"total":31,"covered":27,"skipped":0,"pct":87.1},"functions":{"total":2,"covered":2,"skipped":0,"pct":100},"statements":{"total":31,"covered":27,"skipped":0,"pct":87.1},"branches":{"total":4,"covered":2,"skipped":0,"pct":50}}
,"D:\\anyworkspace\\js-exp\\result-exp\\n-js-restler-real-R15\\nestjs-realworld-example-app-js\\src\\src\\user\\user.controller.ts": {"lines":{"total":55,"covered":53,"skipped":0,"pct":96.36},"functions":{"total":6,"covered":5,"skipped":0,"pct":83.33},"statements":{"total":55,"covered":53,"skipped":0,"pct":96.36},"branches":{"total":8,"covered":8,"skipped":0,"pct":100}}
,"D:\\anyworkspace\\js-exp\\result-exp\\n-js-restler-real-R15\\nestjs-realworld-example-app-js\\src\\src\\user\\user.decorator.ts": {"lines":{"total":18,"covered":18,"skipped":0,"pct":100},"functions":{"total":0,"covered":0,"skipped":0,"pct":100},"statements":{"total":18,"covered":18,"skipped":0,"pct":100},"branches":{"total":8,"covered":5,"skipped":0,"pct":62.5}}
,"D:\\anyworkspace\\js-exp\\result-exp\\n-js-restler-real-R15\\nestjs-realworld-example-app-js\\src\\src\\user\\user.entity.ts": {"lines":{"total":39,"covered":39,"skipped":0,"pct":100},"functions":{"total":1,"covered":1,"skipped":0,"pct":100},"statements":{"total":39,"covered":39,"skipped":0,"pct":100},"branches":{"total":4,"covered":4,"skipped":0,"pct":100}}
,"D:\\anyworkspace\\js-exp\\result-exp\\n-js-restler-real-R15\\nestjs-realworld-example-app-js\\src\\src\\user\\user.module.ts": {"lines":{"total":22,"covered":22,"skipped":0,"pct":100},"functions":{"total":1,"covered":1,"skipped":0,"pct":100},"statements":{"total":22,"covered":22,"skipped":0,"pct":100},"branches":{"total":1,"covered":1,"skipped":0,"pct":100}}
,"D:\\anyworkspace\\js-exp\\result-exp\\n-js-restler-real-R15\\nestjs-realworld-example-app-js\\src\\src\\user\\user.service.ts": {"lines":{"total":128,"covered":114,"skipped":0,"pct":89.06},"functions":{"total":10,"covered":8,"skipped":0,"pct":80},"statements":{"total":128,"covered":114,"skipped":0,"pct":89.06},"branches":{"total":16,"covered":13,"skipped":0,"pct":81.25}}
,"D:\\anyworkspace\\js-exp\\result-exp\\n-js-restler-real-R15\\nestjs-realworld-example-app-js\\src\\src\\user\\dto\\create-user.dto.ts": {"lines":{"total":13,"covered":13,"skipped":0,"pct":100},"functions":{"total":0,"covered":0,"skipped":0,"pct":100},"statements":{"total":13,"covered":13,"skipped":0,"pct":100},"branches":{"total":0,"covered":0,"skipped":0,"pct":100}}
,"D:\\anyworkspace\\js-exp\\result-exp\\n-js-restler-real-R15\\nestjs-realworld-example-app-js\\src\\src\\user\\dto\\index.ts": {"lines":{"total":3,"covered":3,"skipped":0,"pct":100},"functions":{"total":3,"covered":3,"skipped":0,"pct":100},"statements":{"total":3,"covered":3,"skipped":0,"pct":100},"branches":{"total":3,"covered":3,"skipped":0,"pct":100}}
,"D:\\anyworkspace\\js-exp\\result-exp\\n-js-restler-real-R15\\nestjs-realworld-example-app-js\\src\\src\\user\\dto\\login-user.dto.ts": {"lines":{"total":10,"covered":10,"skipped":0,"pct":100},"functions":{"total":0,"covered":0,"skipped":0,"pct":100},"statements":{"total":10,"covered":10,"skipped":0,"pct":100},"branches":{"total":0,"covered":0,"skipped":0,"pct":100}}
,"D:\\anyworkspace\\js-exp\\result-exp\\n-js-restler-real-R15\\nestjs-realworld-example-app-js\\src\\src\\user\\dto\\update-user.dto.ts": {"lines":{"total":6,"covered":6,"skipped":0,"pct":100},"functions":{"total":0,"covered":0,"skipped":0,"pct":100},"statements":{"total":6,"covered":6,"skipped":0,"pct":100},"branches":{"total":0,"covered":0,"skipped":0,"pct":100}}
}
