{"total": {"lines":{"total":2475,"covered":1613,"skipped":0,"pct":65.17},"statements":{"total":2475,"covered":1613,"skipped":0,"pct":65.17},"functions":{"total":64,"covered":52,"skipped":0,"pct":81.25},"branches":{"total":227,"covered":138,"skipped":0,"pct":60.79}}
,"/Users/any/Github/EMB/js_npm/rest/cyclotron/src/app.js": {"lines":{"total":125,"covered":93,"skipped":0,"pct":74.4},"functions":{"total":0,"covered":0,"skipped":0,"pct":100},"statements":{"total":125,"covered":93,"skipped":0,"pct":74.4},"branches":{"total":8,"covered":3,"skipped":0,"pct":37.5}}
,"/Users/any/Github/EMB/js_npm/rest/cyclotron/src/mongo.js": {"lines":{"total":201,"covered":173,"skipped":0,"pct":86.07},"functions":{"total":0,"covered":0,"skipped":0,"pct":100},"statements":{"total":201,"covered":173,"skipped":0,"pct":86.07},"branches":{"total":3,"covered":2,"skipped":0,"pct":66.67}}
,"/Users/any/Github/EMB/js_npm/rest/cyclotron/src/serverWithCov.js": {"lines":{"total":17,"covered":17,"skipped":0,"pct":100},"functions":{"total":0,"covered":0,"skipped":0,"pct":100},"statements":{"total":17,"covered":17,"skipped":0,"pct":100},"branches":{"total":5,"covered":4,"skipped":0,"pct":80}}
,"/Users/any/Github/EMB/js_npm/rest/cyclotron/src/config/config.js": {"lines":{"total":97,"covered":97,"skipped":0,"pct":100},"functions":{"total":0,"covered":0,"skipped":0,"pct":100},"statements":{"total":97,"covered":97,"skipped":0,"pct":100},"branches":{"total":1,"covered":1,"skipped":0,"pct":100}}
,"/Users/any/Github/EMB/js_npm/rest/cyclotron/src/middleware/cors.js": {"lines":{"total":34,"covered":31,"skipped":0,"pct":91.18},"functions":{"total":1,"covered":1,"skipped":0,"pct":100},"statements":{"total":34,"covered":31,"skipped":0,"pct":91.18},"branches":{"total":3,"covered":2,"skipped":0,"pct":66.67}}
,"/Users/any/Github/EMB/js_npm/rest/cyclotron/src/routes/api.crypto.js": {"lines":{"total":65,"covered":48,"skipped":0,"pct":73.85},"functions":{"total":3,"covered":2,"skipped":0,"pct":66.67},"statements":{"total":65,"covered":48,"skipped":0,"pct":73.85},"branches":{"total":9,"covered":8,"skipped":0,"pct":88.89}}
,"/Users/any/Github/EMB/js_npm/rest/cyclotron/src/routes/api.dashboards.js": {"lines":{"total":430,"covered":301,"skipped":0,"pct":70},"functions":{"total":12,"covered":12,"skipped":0,"pct":100},"statements":{"total":430,"covered":301,"skipped":0,"pct":70},"branches":{"total":79,"covered":46,"skipped":0,"pct":58.23}}
,"/Users/any/Github/EMB/js_npm/rest/cyclotron/src/routes/api.data.js": {"lines":{"total":229,"covered":151,"skipped":0,"pct":65.94},"functions":{"total":9,"covered":9,"skipped":0,"pct":100},"statements":{"total":229,"covered":151,"skipped":0,"pct":65.94},"branches":{"total":33,"covered":17,"skipped":0,"pct":51.52}}
,"/Users/any/Github/EMB/js_npm/rest/cyclotron/src/routes/api.exports.js": {"lines":{"total":278,"covered":117,"skipped":0,"pct":42.09},"functions":{"total":7,"covered":4,"skipped":0,"pct":57.14},"statements":{"total":278,"covered":117,"skipped":0,"pct":42.09},"branches":{"total":13,"covered":7,"skipped":0,"pct":53.85}}
,"/Users/any/Github/EMB/js_npm/rest/cyclotron/src/routes/api.js": {"lines":{"total":176,"covered":136,"skipped":0,"pct":77.27},"functions":{"total":4,"covered":4,"skipped":0,"pct":100},"statements":{"total":176,"covered":136,"skipped":0,"pct":77.27},"branches":{"total":11,"covered":9,"skipped":0,"pct":81.82}}
,"/Users/any/Github/EMB/js_npm/rest/cyclotron/src/routes/api.ldap.js": {"lines":{"total":132,"covered":49,"skipped":0,"pct":37.12},"functions":{"total":2,"covered":1,"skipped":0,"pct":50},"statements":{"total":132,"covered":49,"skipped":0,"pct":37.12},"branches":{"total":5,"covered":4,"skipped":0,"pct":80}}
,"/Users/any/Github/EMB/js_npm/rest/cyclotron/src/routes/api.proxy.js": {"lines":{"total":114,"covered":77,"skipped":0,"pct":67.54},"functions":{"total":4,"covered":4,"skipped":0,"pct":100},"statements":{"total":114,"covered":77,"skipped":0,"pct":67.54},"branches":{"total":18,"covered":7,"skipped":0,"pct":38.89}}
,"/Users/any/Github/EMB/js_npm/rest/cyclotron/src/routes/api.revisions.js": {"lines":{"total":139,"covered":64,"skipped":0,"pct":46.04},"functions":{"total":3,"covered":2,"skipped":0,"pct":66.67},"statements":{"total":139,"covered":64,"skipped":0,"pct":46.04},"branches":{"total":6,"covered":4,"skipped":0,"pct":66.67}}
,"/Users/any/Github/EMB/js_npm/rest/cyclotron/src/routes/api.tags.js": {"lines":{"total":72,"covered":68,"skipped":0,"pct":94.44},"functions":{"total":2,"covered":2,"skipped":0,"pct":100},"statements":{"total":72,"covered":68,"skipped":0,"pct":94.44},"branches":{"total":7,"covered":5,"skipped":0,"pct":71.43}}
,"/Users/any/Github/EMB/js_npm/rest/cyclotron/src/routes/api.users.js": {"lines":{"total":166,"covered":84,"skipped":0,"pct":50.6},"functions":{"total":6,"covered":5,"skipped":0,"pct":83.33},"statements":{"total":166,"covered":84,"skipped":0,"pct":50.6},"branches":{"total":13,"covered":10,"skipped":0,"pct":76.92}}
,"/Users/any/Github/EMB/js_npm/rest/cyclotron/src/routes/auth.js": {"lines":{"total":200,"covered":107,"skipped":0,"pct":53.5},"functions":{"total":11,"covered":6,"skipped":0,"pct":54.55},"statements":{"total":200,"covered":107,"skipped":0,"pct":53.5},"branches":{"total":13,"covered":9,"skipped":0,"pct":69.23}}
}
