{"total": {"lines":{"total":3112,"covered":1916,"skipped":0,"pct":61.57},"statements":{"total":3112,"covered":1916,"skipped":0,"pct":61.57},"functions":{"total":96,"covered":34,"skipped":0,"pct":35.42},"branches":{"total":358,"covered":318,"skipped":0,"pct":88.83}}
,"D:\\anyworkspace\\js-exp\\result-exp\\n-js-bb-ft-evomaster-disease-sut-R30\\disease-sh-api-js\\src\\server.js": {"lines":{"total":99,"covered":78,"skipped":0,"pct":78.79},"functions":{"total":0,"covered":0,"skipped":0,"pct":100},"statements":{"total":99,"covered":78,"skipped":0,"pct":78.79},"branches":{"total":4,"covered":2,"skipped":0,"pct":50}}
,"D:\\anyworkspace\\js-exp\\result-exp\\n-js-bb-ft-evomaster-disease-sut-R30\\disease-sh-api-js\\src\\serverWithCov.js": {"lines":{"total":16,"covered":16,"skipped":0,"pct":100},"functions":{"total":0,"covered":0,"skipped":0,"pct":100},"statements":{"total":16,"covered":16,"skipped":0,"pct":100},"branches":{"total":5,"covered":4,"skipped":0,"pct":80}}
,"D:\\anyworkspace\\js-exp\\result-exp\\n-js-bb-ft-evomaster-disease-sut-R30\\disease-sh-api-js\\src\\config\\index.js": {"lines":{"total":54,"covered":50,"skipped":0,"pct":92.59},"functions":{"total":0,"covered":0,"skipped":0,"pct":100},"statements":{"total":54,"covered":50,"skipped":0,"pct":92.59},"branches":{"total":9,"covered":1,"skipped":0,"pct":11.11}}
,"D:\\anyworkspace\\js-exp\\result-exp\\n-js-bb-ft-evomaster-disease-sut-R30\\disease-sh-api-js\\src\\routes\\apiDeprecated.js": {"lines":{"total":84,"covered":34,"skipped":0,"pct":40.48},"functions":{"total":0,"covered":0,"skipped":0,"pct":100},"statements":{"total":84,"covered":34,"skipped":0,"pct":40.48},"branches":{"total":1,"covered":1,"skipped":0,"pct":100}}
,"D:\\anyworkspace\\js-exp\\result-exp\\n-js-bb-ft-evomaster-disease-sut-R30\\disease-sh-api-js\\src\\routes\\instances.js": {"lines":{"total":72,"covered":51,"skipped":0,"pct":70.83},"functions":{"total":7,"covered":0,"skipped":0,"pct":0},"statements":{"total":72,"covered":51,"skipped":0,"pct":70.83},"branches":{"total":1,"covered":1,"skipped":0,"pct":100}}
,"D:\\anyworkspace\\js-exp\\result-exp\\n-js-bb-ft-evomaster-disease-sut-R30\\disease-sh-api-js\\src\\routes\\v2\\apiApple.js": {"lines":{"total":46,"covered":14,"skipped":0,"pct":30.43},"functions":{"total":0,"covered":0,"skipped":0,"pct":100},"statements":{"total":46,"covered":14,"skipped":0,"pct":30.43},"branches":{"total":1,"covered":1,"skipped":0,"pct":100}}
,"D:\\anyworkspace\\js-exp\\result-exp\\n-js-bb-ft-evomaster-disease-sut-R30\\disease-sh-api-js\\src\\routes\\v2\\apiGov.js": {"lines":{"total":24,"covered":11,"skipped":0,"pct":45.83},"functions":{"total":0,"covered":0,"skipped":0,"pct":100},"statements":{"total":24,"covered":11,"skipped":0,"pct":45.83},"branches":{"total":1,"covered":1,"skipped":0,"pct":100}}
,"D:\\anyworkspace\\js-exp\\result-exp\\n-js-bb-ft-evomaster-disease-sut-R30\\disease-sh-api-js\\src\\routes\\v2\\apiHistorical.js": {"lines":{"total":82,"covered":21,"skipped":0,"pct":25.61},"functions":{"total":0,"covered":0,"skipped":0,"pct":100},"statements":{"total":82,"covered":21,"skipped":0,"pct":25.61},"branches":{"total":1,"covered":1,"skipped":0,"pct":100}}
,"D:\\anyworkspace\\js-exp\\result-exp\\n-js-bb-ft-evomaster-disease-sut-R30\\disease-sh-api-js\\src\\routes\\v2\\apiJHUCSSE.js": {"lines":{"total":38,"covered":12,"skipped":0,"pct":31.58},"functions":{"total":0,"covered":0,"skipped":0,"pct":100},"statements":{"total":38,"covered":12,"skipped":0,"pct":31.58},"branches":{"total":1,"covered":1,"skipped":0,"pct":100}}
,"D:\\anyworkspace\\js-exp\\result-exp\\n-js-bb-ft-evomaster-disease-sut-R30\\disease-sh-api-js\\src\\routes\\v2\\apiNYT.js": {"lines":{"total":53,"covered":21,"skipped":0,"pct":39.62},"functions":{"total":0,"covered":0,"skipped":0,"pct":100},"statements":{"total":53,"covered":21,"skipped":0,"pct":39.62},"branches":{"total":1,"covered":1,"skipped":0,"pct":100}}
,"D:\\anyworkspace\\js-exp\\result-exp\\n-js-bb-ft-evomaster-disease-sut-R30\\disease-sh-api-js\\src\\routes\\v2\\apiWorldometers.js": {"lines":{"total":90,"covered":36,"skipped":0,"pct":40},"functions":{"total":1,"covered":0,"skipped":0,"pct":0},"statements":{"total":90,"covered":36,"skipped":0,"pct":40},"branches":{"total":1,"covered":1,"skipped":0,"pct":100}}
,"D:\\anyworkspace\\js-exp\\result-exp\\n-js-bb-ft-evomaster-disease-sut-R30\\disease-sh-api-js\\src\\routes\\v3\\covid-19\\apiApple.js": {"lines":{"total":46,"covered":40,"skipped":0,"pct":86.96},"functions":{"total":0,"covered":0,"skipped":0,"pct":100},"statements":{"total":46,"covered":40,"skipped":0,"pct":86.96},"branches":{"total":19,"covered":16,"skipped":0,"pct":84.21}}
,"D:\\anyworkspace\\js-exp\\result-exp\\n-js-bb-ft-evomaster-disease-sut-R30\\disease-sh-api-js\\src\\routes\\v3\\covid-19\\apiGov.js": {"lines":{"total":24,"covered":24,"skipped":0,"pct":100},"functions":{"total":0,"covered":0,"skipped":0,"pct":100},"statements":{"total":24,"covered":24,"skipped":0,"pct":100},"branches":{"total":8,"covered":7,"skipped":0,"pct":87.5}}
,"D:\\anyworkspace\\js-exp\\result-exp\\n-js-bb-ft-evomaster-disease-sut-R30\\disease-sh-api-js\\src\\routes\\v3\\covid-19\\apiHistorical.js": {"lines":{"total":82,"covered":73,"skipped":0,"pct":89.02},"functions":{"total":0,"covered":0,"skipped":0,"pct":100},"statements":{"total":82,"covered":73,"skipped":0,"pct":89.02},"branches":{"total":18,"covered":15,"skipped":0,"pct":83.33}}
,"D:\\anyworkspace\\js-exp\\result-exp\\n-js-bb-ft-evomaster-disease-sut-R30\\disease-sh-api-js\\src\\routes\\v3\\covid-19\\apiJHUCSSE.js": {"lines":{"total":38,"covered":28,"skipped":0,"pct":73.68},"functions":{"total":0,"covered":0,"skipped":0,"pct":100},"statements":{"total":38,"covered":28,"skipped":0,"pct":73.68},"branches":{"total":9,"covered":8,"skipped":0,"pct":88.89}}
,"D:\\anyworkspace\\js-exp\\result-exp\\n-js-bb-ft-evomaster-disease-sut-R30\\disease-sh-api-js\\src\\routes\\v3\\covid-19\\apiNYT.js": {"lines":{"total":53,"covered":49,"skipped":0,"pct":92.45},"functions":{"total":0,"covered":0,"skipped":0,"pct":100},"statements":{"total":53,"covered":49,"skipped":0,"pct":92.45},"branches":{"total":14,"covered":10,"skipped":0,"pct":71.43}}
,"D:\\anyworkspace\\js-exp\\result-exp\\n-js-bb-ft-evomaster-disease-sut-R30\\disease-sh-api-js\\src\\routes\\v3\\covid-19\\apiTherapeutics.js": {"lines":{"total":14,"covered":12,"skipped":0,"pct":85.71},"functions":{"total":0,"covered":0,"skipped":0,"pct":100},"statements":{"total":14,"covered":12,"skipped":0,"pct":85.71},"branches":{"total":3,"covered":2,"skipped":0,"pct":66.67}}
,"D:\\anyworkspace\\js-exp\\result-exp\\n-js-bb-ft-evomaster-disease-sut-R30\\disease-sh-api-js\\src\\routes\\v3\\covid-19\\apiVaccine.js": {"lines":{"total":14,"covered":12,"skipped":0,"pct":85.71},"functions":{"total":0,"covered":0,"skipped":0,"pct":100},"statements":{"total":14,"covered":12,"skipped":0,"pct":85.71},"branches":{"total":3,"covered":2,"skipped":0,"pct":66.67}}
,"D:\\anyworkspace\\js-exp\\result-exp\\n-js-bb-ft-evomaster-disease-sut-R30\\disease-sh-api-js\\src\\routes\\v3\\covid-19\\apiWorldometers.js": {"lines":{"total":93,"covered":89,"skipped":0,"pct":95.7},"functions":{"total":1,"covered":1,"skipped":0,"pct":100},"statements":{"total":93,"covered":89,"skipped":0,"pct":95.7},"branches":{"total":84,"covered":81,"skipped":0,"pct":96.43}}
,"D:\\anyworkspace\\js-exp\\result-exp\\n-js-bb-ft-evomaster-disease-sut-R30\\disease-sh-api-js\\src\\routes\\v3\\influenza\\apiInfluenza.js": {"lines":{"total":20,"covered":20,"skipped":0,"pct":100},"functions":{"total":0,"covered":0,"skipped":0,"pct":100},"statements":{"total":20,"covered":20,"skipped":0,"pct":100},"branches":{"total":4,"covered":4,"skipped":0,"pct":100}}
,"D:\\anyworkspace\\js-exp\\result-exp\\n-js-bb-ft-evomaster-disease-sut-R30\\disease-sh-api-js\\src\\scrapers\\covid-19\\appleMobilityData.js": {"lines":{"total":49,"covered":16,"skipped":0,"pct":32.65},"functions":{"total":1,"covered":0,"skipped":0,"pct":0},"statements":{"total":49,"covered":16,"skipped":0,"pct":32.65},"branches":{"total":1,"covered":1,"skipped":0,"pct":100}}
,"D:\\anyworkspace\\js-exp\\result-exp\\n-js-bb-ft-evomaster-disease-sut-R30\\disease-sh-api-js\\src\\scrapers\\covid-19\\getStates.js": {"lines":{"total":77,"covered":30,"skipped":0,"pct":38.96},"functions":{"total":3,"covered":0,"skipped":0,"pct":0},"statements":{"total":77,"covered":30,"skipped":0,"pct":38.96},"branches":{"total":1,"covered":1,"skipped":0,"pct":100}}
,"D:\\anyworkspace\\js-exp\\result-exp\\n-js-bb-ft-evomaster-disease-sut-R30\\disease-sh-api-js\\src\\scrapers\\covid-19\\getTherapeutics.js": {"lines":{"total":56,"covered":18,"skipped":0,"pct":32.14},"functions":{"total":2,"covered":0,"skipped":0,"pct":0},"statements":{"total":56,"covered":18,"skipped":0,"pct":32.14},"branches":{"total":1,"covered":1,"skipped":0,"pct":100}}
,"D:\\anyworkspace\\js-exp\\result-exp\\n-js-bb-ft-evomaster-disease-sut-R30\\disease-sh-api-js\\src\\scrapers\\covid-19\\getVaccine.js": {"lines":{"total":49,"covered":18,"skipped":0,"pct":36.73},"functions":{"total":2,"covered":0,"skipped":0,"pct":0},"statements":{"total":49,"covered":18,"skipped":0,"pct":36.73},"branches":{"total":1,"covered":1,"skipped":0,"pct":100}}
,"D:\\anyworkspace\\js-exp\\result-exp\\n-js-bb-ft-evomaster-disease-sut-R30\\disease-sh-api-js\\src\\scrapers\\covid-19\\getWorldometers.js": {"lines":{"total":124,"covered":51,"skipped":0,"pct":41.13},"functions":{"total":6,"covered":0,"skipped":0,"pct":0},"statements":{"total":124,"covered":51,"skipped":0,"pct":41.13},"branches":{"total":1,"covered":1,"skipped":0,"pct":100}}
,"D:\\anyworkspace\\js-exp\\result-exp\\n-js-bb-ft-evomaster-disease-sut-R30\\disease-sh-api-js\\src\\scrapers\\covid-19\\historical.js": {"lines":{"total":263,"covered":164,"skipped":0,"pct":62.36},"functions":{"total":9,"covered":6,"skipped":0,"pct":66.67},"statements":{"total":263,"covered":164,"skipped":0,"pct":62.36},"branches":{"total":43,"covered":38,"skipped":0,"pct":88.37}}
,"D:\\anyworkspace\\js-exp\\result-exp\\n-js-bb-ft-evomaster-disease-sut-R30\\disease-sh-api-js\\src\\scrapers\\covid-19\\jhuLocations.js": {"lines":{"total":99,"covered":64,"skipped":0,"pct":64.65},"functions":{"total":4,"covered":2,"skipped":0,"pct":50},"statements":{"total":99,"covered":64,"skipped":0,"pct":64.65},"branches":{"total":15,"covered":15,"skipped":0,"pct":100}}
,"D:\\anyworkspace\\js-exp\\result-exp\\n-js-bb-ft-evomaster-disease-sut-R30\\disease-sh-api-js\\src\\scrapers\\covid-19\\nytData.js": {"lines":{"total":71,"covered":28,"skipped":0,"pct":39.44},"functions":{"total":4,"covered":0,"skipped":0,"pct":0},"statements":{"total":71,"covered":28,"skipped":0,"pct":39.44},"branches":{"total":1,"covered":1,"skipped":0,"pct":100}}
,"D:\\anyworkspace\\js-exp\\result-exp\\n-js-bb-ft-evomaster-disease-sut-R30\\disease-sh-api-js\\src\\scrapers\\covid-19\\govScrapers\\getAustria.js": {"lines":{"total":76,"covered":37,"skipped":0,"pct":48.68},"functions":{"total":4,"covered":0,"skipped":0,"pct":0},"statements":{"total":76,"covered":37,"skipped":0,"pct":48.68},"branches":{"total":1,"covered":1,"skipped":0,"pct":100}}
,"D:\\anyworkspace\\js-exp\\result-exp\\n-js-bb-ft-evomaster-disease-sut-R30\\disease-sh-api-js\\src\\scrapers\\covid-19\\govScrapers\\getCanada.js": {"lines":{"total":44,"covered":23,"skipped":0,"pct":52.27},"functions":{"total":1,"covered":0,"skipped":0,"pct":0},"statements":{"total":44,"covered":23,"skipped":0,"pct":52.27},"branches":{"total":1,"covered":1,"skipped":0,"pct":100}}
,"D:\\anyworkspace\\js-exp\\result-exp\\n-js-bb-ft-evomaster-disease-sut-R30\\disease-sh-api-js\\src\\scrapers\\covid-19\\govScrapers\\getGovData.js": {"lines":{"total":57,"covered":25,"skipped":0,"pct":43.86},"functions":{"total":1,"covered":0,"skipped":0,"pct":0},"statements":{"total":57,"covered":25,"skipped":0,"pct":43.86},"branches":{"total":1,"covered":1,"skipped":0,"pct":100}}
,"D:\\anyworkspace\\js-exp\\result-exp\\n-js-bb-ft-evomaster-disease-sut-R30\\disease-sh-api-js\\src\\scrapers\\covid-19\\govScrapers\\getIndia.js": {"lines":{"total":34,"covered":10,"skipped":0,"pct":29.41},"functions":{"total":1,"covered":0,"skipped":0,"pct":0},"statements":{"total":34,"covered":10,"skipped":0,"pct":29.41},"branches":{"total":1,"covered":1,"skipped":0,"pct":100}}
,"D:\\anyworkspace\\js-exp\\result-exp\\n-js-bb-ft-evomaster-disease-sut-R30\\disease-sh-api-js\\src\\scrapers\\covid-19\\govScrapers\\getIndonesia.js": {"lines":{"total":20,"covered":7,"skipped":0,"pct":35},"functions":{"total":1,"covered":0,"skipped":0,"pct":0},"statements":{"total":20,"covered":7,"skipped":0,"pct":35},"branches":{"total":1,"covered":1,"skipped":0,"pct":100}}
,"D:\\anyworkspace\\js-exp\\result-exp\\n-js-bb-ft-evomaster-disease-sut-R30\\disease-sh-api-js\\src\\scrapers\\covid-19\\govScrapers\\getIsrael.js": {"lines":{"total":84,"covered":32,"skipped":0,"pct":38.1},"functions":{"total":2,"covered":0,"skipped":0,"pct":0},"statements":{"total":84,"covered":32,"skipped":0,"pct":38.1},"branches":{"total":1,"covered":1,"skipped":0,"pct":100}}
,"D:\\anyworkspace\\js-exp\\result-exp\\n-js-bb-ft-evomaster-disease-sut-R30\\disease-sh-api-js\\src\\scrapers\\covid-19\\govScrapers\\getItaly.js": {"lines":{"total":32,"covered":10,"skipped":0,"pct":31.25},"functions":{"total":1,"covered":0,"skipped":0,"pct":0},"statements":{"total":32,"covered":10,"skipped":0,"pct":31.25},"branches":{"total":1,"covered":1,"skipped":0,"pct":100}}
,"D:\\anyworkspace\\js-exp\\result-exp\\n-js-bb-ft-evomaster-disease-sut-R30\\disease-sh-api-js\\src\\scrapers\\covid-19\\govScrapers\\getNewZealand.js": {"lines":{"total":49,"covered":22,"skipped":0,"pct":44.9},"functions":{"total":2,"covered":0,"skipped":0,"pct":0},"statements":{"total":49,"covered":22,"skipped":0,"pct":44.9},"branches":{"total":1,"covered":1,"skipped":0,"pct":100}}
,"D:\\anyworkspace\\js-exp\\result-exp\\n-js-bb-ft-evomaster-disease-sut-R30\\disease-sh-api-js\\src\\scrapers\\covid-19\\govScrapers\\getNigeria.js": {"lines":{"total":42,"covered":21,"skipped":0,"pct":50},"functions":{"total":2,"covered":0,"skipped":0,"pct":0},"statements":{"total":42,"covered":21,"skipped":0,"pct":50},"branches":{"total":1,"covered":1,"skipped":0,"pct":100}}
,"D:\\anyworkspace\\js-exp\\result-exp\\n-js-bb-ft-evomaster-disease-sut-R30\\disease-sh-api-js\\src\\scrapers\\covid-19\\govScrapers\\getSouthAfrica.js": {"lines":{"total":44,"covered":11,"skipped":0,"pct":25},"functions":{"total":2,"covered":0,"skipped":0,"pct":0},"statements":{"total":44,"covered":11,"skipped":0,"pct":25},"branches":{"total":1,"covered":1,"skipped":0,"pct":100}}
,"D:\\anyworkspace\\js-exp\\result-exp\\n-js-bb-ft-evomaster-disease-sut-R30\\disease-sh-api-js\\src\\scrapers\\covid-19\\govScrapers\\getSwitzerland.js": {"lines":{"total":34,"covered":11,"skipped":0,"pct":32.35},"functions":{"total":1,"covered":0,"skipped":0,"pct":0},"statements":{"total":34,"covered":11,"skipped":0,"pct":32.35},"branches":{"total":1,"covered":1,"skipped":0,"pct":100}}
,"D:\\anyworkspace\\js-exp\\result-exp\\n-js-bb-ft-evomaster-disease-sut-R30\\disease-sh-api-js\\src\\scrapers\\covid-19\\govScrapers\\getUK.js": {"lines":{"total":54,"covered":14,"skipped":0,"pct":25.93},"functions":{"total":1,"covered":0,"skipped":0,"pct":0},"statements":{"total":54,"covered":14,"skipped":0,"pct":25.93},"branches":{"total":1,"covered":1,"skipped":0,"pct":100}}
,"D:\\anyworkspace\\js-exp\\result-exp\\n-js-bb-ft-evomaster-disease-sut-R30\\disease-sh-api-js\\src\\scrapers\\covid-19\\govScrapers\\getVietnam.js": {"lines":{"total":56,"covered":17,"skipped":0,"pct":30.36},"functions":{"total":3,"covered":0,"skipped":0,"pct":0},"statements":{"total":56,"covered":17,"skipped":0,"pct":30.36},"branches":{"total":1,"covered":1,"skipped":0,"pct":100}}
,"D:\\anyworkspace\\js-exp\\result-exp\\n-js-bb-ft-evomaster-disease-sut-R30\\disease-sh-api-js\\src\\scrapers\\influenza\\getCDC.js": {"lines":{"total":69,"covered":37,"skipped":0,"pct":53.62},"functions":{"total":3,"covered":0,"skipped":0,"pct":0},"statements":{"total":69,"covered":37,"skipped":0,"pct":53.62},"branches":{"total":1,"covered":1,"skipped":0,"pct":100}}
,"D:\\anyworkspace\\js-exp\\result-exp\\n-js-bb-ft-evomaster-disease-sut-R30\\disease-sh-api-js\\src\\utils\\RAPS.js": {"lines":{"total":29,"covered":17,"skipped":0,"pct":58.62},"functions":{"total":1,"covered":0,"skipped":0,"pct":0},"statements":{"total":29,"covered":17,"skipped":0,"pct":58.62},"branches":{"total":1,"covered":1,"skipped":0,"pct":100}}
,"D:\\anyworkspace\\js-exp\\result-exp\\n-js-bb-ft-evomaster-disease-sut-R30\\disease-sh-api-js\\src\\utils\\apiAppleHelper.js": {"lines":{"total":24,"covered":21,"skipped":0,"pct":87.5},"functions":{"total":2,"covered":2,"skipped":0,"pct":100},"statements":{"total":24,"covered":21,"skipped":0,"pct":87.5},"branches":{"total":6,"covered":4,"skipped":0,"pct":66.67}}
,"D:\\anyworkspace\\js-exp\\result-exp\\n-js-bb-ft-evomaster-disease-sut-R30\\disease-sh-api-js\\src\\utils\\apiNYTHelper.js": {"lines":{"total":47,"covered":44,"skipped":0,"pct":93.62},"functions":{"total":7,"covered":7,"skipped":0,"pct":100},"statements":{"total":47,"covered":44,"skipped":0,"pct":93.62},"branches":{"total":16,"covered":14,"skipped":0,"pct":87.5}}
,"D:\\anyworkspace\\js-exp\\result-exp\\n-js-bb-ft-evomaster-disease-sut-R30\\disease-sh-api-js\\src\\utils\\continents.js": {"lines":{"total":8,"covered":8,"skipped":0,"pct":100},"functions":{"total":0,"covered":0,"skipped":0,"pct":100},"statements":{"total":8,"covered":8,"skipped":0,"pct":100},"branches":{"total":1,"covered":1,"skipped":0,"pct":100}}
,"D:\\anyworkspace\\js-exp\\result-exp\\n-js-bb-ft-evomaster-disease-sut-R30\\disease-sh-api-js\\src\\utils\\countries.js": {"lines":{"total":255,"covered":255,"skipped":0,"pct":100},"functions":{"total":0,"covered":0,"skipped":0,"pct":100},"statements":{"total":255,"covered":255,"skipped":0,"pct":100},"branches":{"total":1,"covered":1,"skipped":0,"pct":100}}
,"D:\\anyworkspace\\js-exp\\result-exp\\n-js-bb-ft-evomaster-disease-sut-R30\\disease-sh-api-js\\src\\utils\\csvUtils.js": {"lines":{"total":18,"covered":11,"skipped":0,"pct":61.11},"functions":{"total":1,"covered":0,"skipped":0,"pct":0},"statements":{"total":18,"covered":11,"skipped":0,"pct":61.11},"branches":{"total":1,"covered":1,"skipped":0,"pct":100}}
,"D:\\anyworkspace\\js-exp\\result-exp\\n-js-bb-ft-evomaster-disease-sut-R30\\disease-sh-api-js\\src\\utils\\dateTimeUtils.js": {"lines":{"total":21,"covered":21,"skipped":0,"pct":100},"functions":{"total":2,"covered":2,"skipped":0,"pct":100},"statements":{"total":21,"covered":21,"skipped":0,"pct":100},"branches":{"total":3,"covered":3,"skipped":0,"pct":100}}
,"D:\\anyworkspace\\js-exp\\result-exp\\n-js-bb-ft-evomaster-disease-sut-R30\\disease-sh-api-js\\src\\utils\\logger.js": {"lines":{"total":20,"covered":17,"skipped":0,"pct":85},"functions":{"total":4,"covered":2,"skipped":0,"pct":50},"statements":{"total":20,"covered":17,"skipped":0,"pct":85},"branches":{"total":3,"covered":3,"skipped":0,"pct":100}}
,"D:\\anyworkspace\\js-exp\\result-exp\\n-js-bb-ft-evomaster-disease-sut-R30\\disease-sh-api-js\\src\\utils\\nameUtils.js": {"lines":{"total":116,"covered":116,"skipped":0,"pct":100},"functions":{"total":9,"covered":7,"skipped":0,"pct":77.78},"statements":{"total":116,"covered":116,"skipped":0,"pct":100},"branches":{"total":45,"covered":44,"skipped":0,"pct":97.78}}
,"D:\\anyworkspace\\js-exp\\result-exp\\n-js-bb-ft-evomaster-disease-sut-R30\\disease-sh-api-js\\src\\utils\\stringUtils.js": {"lines":{"total":49,"covered":49,"skipped":0,"pct":100},"functions":{"total":5,"covered":5,"skipped":0,"pct":100},"statements":{"total":49,"covered":49,"skipped":0,"pct":100},"branches":{"total":15,"covered":13,"skipped":0,"pct":86.67}}
}
