{"total": {"lines":{"total":784,"covered":515,"skipped":0,"pct":65.69},"statements":{"total":784,"covered":515,"skipped":0,"pct":65.69},"functions":{"total":11,"covered":11,"skipped":0,"pct":100},"branches":{"total":156,"covered":136,"skipped":0,"pct":87.18}}
,"/Users/any/Github/EMB/js_npm/rest/ncs/src/app.js": {"lines":{"total":352,"covered":113,"skipped":0,"pct":32.1},"functions":{"total":0,"covered":0,"skipped":0,"pct":100},"statements":{"total":352,"covered":113,"skipped":0,"pct":32.1},"branches":{"total":21,"covered":21,"skipped":0,"pct":100}}
,"/Users/any/Github/EMB/js_npm/rest/ncs/src/serverWithCov.js": {"lines":{"total":16,"covered":16,"skipped":0,"pct":100},"functions":{"total":0,"covered":0,"skipped":0,"pct":100},"statements":{"total":16,"covered":16,"skipped":0,"pct":100},"branches":{"total":5,"covered":4,"skipped":0,"pct":80}}
,"/Users/any/Github/EMB/js_npm/rest/ncs/src/imp/BessJ.js": {"lines":{"total":117,"covered":105,"skipped":0,"pct":89.74},"functions":{"total":3,"covered":3,"skipped":0,"pct":100},"statements":{"total":117,"covered":105,"skipped":0,"pct":89.74},"branches":{"total":22,"covered":18,"skipped":0,"pct":81.82}}
,"/Users/any/Github/EMB/js_npm/rest/ncs/src/imp/Expint.js": {"lines":{"total":73,"covered":69,"skipped":0,"pct":94.52},"functions":{"total":1,"covered":1,"skipped":0,"pct":100},"statements":{"total":73,"covered":69,"skipped":0,"pct":94.52},"branches":{"total":24,"covered":21,"skipped":0,"pct":87.5}}
,"/Users/any/Github/EMB/js_npm/rest/ncs/src/imp/Fisher.js": {"lines":{"total":73,"covered":61,"skipped":0,"pct":83.56},"functions":{"total":1,"covered":1,"skipped":0,"pct":100},"statements":{"total":73,"covered":61,"skipped":0,"pct":83.56},"branches":{"total":23,"covered":19,"skipped":0,"pct":82.61}}
,"/Users/any/Github/EMB/js_npm/rest/ncs/src/imp/Gammq.js": {"lines":{"total":86,"covered":84,"skipped":0,"pct":97.67},"functions":{"total":4,"covered":4,"skipped":0,"pct":100},"statements":{"total":86,"covered":84,"skipped":0,"pct":97.67},"branches":{"total":21,"covered":16,"skipped":0,"pct":76.19}}
,"/Users/any/Github/EMB/js_npm/rest/ncs/src/imp/Remainder.js": {"lines":{"total":41,"covered":41,"skipped":0,"pct":100},"functions":{"total":1,"covered":1,"skipped":0,"pct":100},"statements":{"total":41,"covered":41,"skipped":0,"pct":100},"branches":{"total":20,"covered":17,"skipped":0,"pct":85}}
,"/Users/any/Github/EMB/js_npm/rest/ncs/src/imp/TriangleClassification.js": {"lines":{"total":26,"covered":26,"skipped":0,"pct":100},"functions":{"total":1,"covered":1,"skipped":0,"pct":100},"statements":{"total":26,"covered":26,"skipped":0,"pct":100},"branches":{"total":20,"covered":20,"skipped":0,"pct":100}}
}
